<?xml version="1.0" encoding="UTF-8" ?>
<testsuite errors="0" failures="0" hostname="Gepardas-PC" name="MyTest" skipped="0" tests="1" time="0.101" timestamp="2017-01-28T17:50:16">
  <properties>
    <property name="libs.jsp-compiler.javadoc" value="" />
    <property name="netbeans.autoupdate.country" value="US" />
    <property name="javac.test.classpath" value="C:\Users\Gepardas\Desktop\iText7-7.0.0\itext7-barcodes-7.0.0-javadoc.jar:C:\Users\Gepardas\Desktop\iText7-7.0.0\itext7-barcodes-7.0.0-sources.jar:C:\Users\Gepardas\Desktop\iText7-7.0.0\itext7-barcodes-7.0.0.jar:C:\Users\Gepardas\Desktop\iText7-7.0.0\itext7-font-asian-7.0.0-javadoc.jar:C:\Users\Gepardas\Desktop\iText7-7.0.0\itext7-font-asian-7.0.0.jar:C:\Users\Gepardas\Desktop\iText7-7.0.0\itext7-forms-7.0.0-javadoc.jar:C:\Users\Gepardas\Desktop\iText7-7.0.0\itext7-forms-7.0.0-sources.jar:C:\Users\Gepardas\Desktop\iText7-7.0.0\itext7-forms-7.0.0.jar:C:\Users\Gepardas\Desktop\iText7-7.0.0\itext7-hyph-7.0.0-javadoc.jar:C:\Users\Gepardas\Desktop\iText7-7.0.0\itext7-hyph-7.0.0.jar:C:\Users\Gepardas\Desktop\iText7-7.0.0\itext7-io-7.0.0-javadoc.jar:C:\Users\Gepardas\Desktop\iText7-7.0.0\itext7-io-7.0.0-sources.jar:C:\Users\Gepardas\Desktop\iText7-7.0.0\itext7-io-7.0.0.jar:C:\Users\Gepardas\Desktop\iText7-7.0.0\itext7-kernel-7.0.0-javadoc.jar:C:\Users\Gepardas\Desktop\iText7-7.0.0\itext7-kernel-7.0.0-sources.jar:C:\Users\Gepardas\Desktop\iText7-7.0.0\itext7-kernel-7.0.0.jar:C:\Users\Gepardas\Desktop\iText7-7.0.0\itext7-layout-7.0.0-javadoc.jar:C:\Users\Gepardas\Desktop\iText7-7.0.0\itext7-layout-7.0.0-sources.jar:C:\Users\Gepardas\Desktop\iText7-7.0.0\itext7-layout-7.0.0.jar:C:\Users\Gepardas\Desktop\iText7-7.0.0\itext7-pdfa-7.0.0-javadoc.jar:C:\Users\Gepardas\Desktop\iText7-7.0.0\itext7-pdfa-7.0.0-sources.jar:C:\Users\Gepardas\Desktop\iText7-7.0.0\itext7-pdfa-7.0.0.jar:C:\Users\Gepardas\Desktop\iText7-7.0.0\itext7-pdftest-7.0.0-javadoc.jar:C:\Users\Gepardas\Desktop\iText7-7.0.0\itext7-pdftest-7.0.0-sources.jar:C:\Users\Gepardas\Desktop\iText7-7.0.0\itext7-pdftest-7.0.0.jar:C:\Users\Gepardas\Desktop\iText7-7.0.0\itext7-sign-7.0.0-javadoc.jar:C:\Users\Gepardas\Desktop\iText7-7.0.0\itext7-sign-7.0.0-sources.jar:C:\Users\Gepardas\Desktop\iText7-7.0.0\itext7-sign-7.0.0.jar:C:\Users\Gepardas\Desktop\slf4j-1.7.21\slf4j-api-1.7.21.jar:C:\Users\Gepardas\Desktop\slf4j-1.7.21\slf4j-ext-1.7.21.jar:C:\Users\Gepardas\Desktop\slf4j-1.7.21\slf4j-jdk14-1.7.21.jar:build/classes:C:\Program Files\NetBeans 8.2\platform\modules\ext\junit-4.12.jar:C:\Program Files\NetBeans 8.2\platform\modules\ext\hamcrest-core-1.3.jar" />
    <property name="libs.jsf20.maven-pom" value="" />
    <property name="libs.DataBindingME.src" value="C:\Program Files\NetBeans 8.2\mobility\sources\netbeans_databindingme-src.zip" />
    <property name="file.reference.itext7-io-7.0.0.jar-1" value="C:\Users\Gepardas\Desktop\iText7-7.0.0\itext7-io-7.0.0.jar" />
    <property name="libs.j2me_ant_ext.javadoc" value="" />
    <property name="libs.spring-webmvc4.0.src" value="" />
    <property name="javac.includes" value="MyTest.java" />
    <property name="libs.nokiaS80-ant-utils.javadoc" value="" />
    <property name="ant.core.lib" value="C:\Program Files\NetBeans 8.2\extide\ant\lib\ant.jar" />
    <property name="libs.swing-app-framework.src" value="" />
    <property name="libs.jakarta_slide_ant_webdav.javadoc" value="" />
    <property name="javadoc.windowtitle" value="" />
    <property name="libs.jsp-compilation.javadoc" value="" />
    <property name="user.dir" value="C:\Users\Gepardas\Documents\NetBeansProjects\PdfTest" />
    <property name="libs.javaee-api-7.0.src" value="" />
    <property name="libs.JMUnit4CLDC10.javadoc" value="C:\Users\Gepardas\AppData\Roaming\NetBeans\8.2\modules\docs\jmunit-1.2.1-api.zip" />
    <property name="java.vm.version" value="25.112-b15" />
    <property name="libs.MyLibrary.src" value="" />
    <property name="libs.DataBindingME.classpath" value="C:\Program Files\NetBeans 8.2\mobility\modules\ext\netbeans_databindingme.jar" />
    <property name="libs.j2me_common_ant.src" value="" />
    <property name="libs.MySQLDriver.classpath" value="C:\Program Files\NetBeans 8.2\ide\modules\ext\mysql-connector-java-5.1.23-bin.jar" />
    <property name="libs.Acess.classpath" value="C:\Users\Gepardas\Desktop\Java Libraries\UCanAccess-3.0.7-bin\ucanaccess-3.0.7.jar;C:\Users\Gepardas\Desktop\Java Libraries\UCanAccess-3.0.7-bin\lib\commons-lang-2.6.jar;C:\Users\Gepardas\Desktop\Java Libraries\UCanAccess-3.0.7-bin\lib\commons-logging-1.1.1.jar;C:\Users\Gepardas\Desktop\Java Libraries\UCanAccess-3.0.7-bin\lib\hsqldb.jar;C:\Users\Gepardas\Desktop\Java Libraries\UCanAccess-3.0.7-bin\lib\jackcess-2.1.3.jar;C:\Users\Gepardas\Desktop\Java Libraries\UCanAccess-3.0.7-bin\loader\ucanload.jar" />
    <property name="libs.eclipselinkmodelgen.src" value="" />
    <property name="javadoc.notree" value="false" />
    <property name="netbeans.autoupdate.version" value="1.23" />
    <property name="libs.javaee-web-api-6.0.classpath" value="C:\Program Files\NetBeans 8.2\enterprise\modules\ext\javaee-web-api-6.0.jar" />
    <property name="libs.DataBindingME-PIM.maven-pom" value="" />
    <property name="javac.profile.cmd.line.arg" value="" />
    <property name="jdk.home" value="C:\Program Files\Java\jdk1.8.0_112" />
    <property name="libs.javac-api.src" value="" />
    <property name="libs.MyLibrary999.classpath" value="C:\Users\Gepardas\Documents\NetBeansProjects\PDFLibrary\dist\PDFLibrary.jar" />
    <property name="javadoc.noindex" value="false" />
    <property name="libs.jpa2-persistence.classpath" value="C:\Program Files\NetBeans 8.2\java\modules\ext\hibernate4\hibernate-jpa-2.1-api-1.0.0.Final.jar" />
    <property name="sun.os.patch.level" value="" />
    <property name="libs.MyLibrarPDF99999.src" value="" />
    <property name="do.archive+manifest.available" value="true" />
    <property name="java.vm.specification.name" value="Java Virtual Machine Specification" />
    <property name="libs.semc-ant-utils.classpath" value="C:\Users\Gepardas\AppData\Roaming\NetBeans\8.2\modules\ext\org-netbeans-modules-j2me-cdc-project-semc.jar" />
    <property name="file.reference.itext7-sign-7.0.0.jar" value="C:\Users\Gepardas\Desktop\iText7-7.0.0\itext7-sign-7.0.0.jar" />
    <property name="nb.show.statistics.ui" value="usageStatisticsEnabled" />
    <property name="file.reference.itext7-barcodes-7.0.0.jar" value="C:\Users\Gepardas\Desktop\iText7-7.0.0\itext7-barcodes-7.0.0.jar" />
    <property name="netbeans.autoupdate.variant" value="" />
    <property name="have.tests" value="true" />
    <property name="libs.nokiaS80-ant-utils.maven-pom" value="" />
    <property name="org.xml.sax.driver" value="com.sun.org.apache.xerces.internal.jaxp.SAXParserImpl$JAXPSAXParser" />
    <property name="libs.Itext7.classpath" value="C:\Users\Gepardas\Desktop\Mokslai programavimo\Projects\lib\itext7-barcodes-7.0.0-javadoc.jar;C:\Users\Gepardas\Desktop\Mokslai programavimo\Projects\lib\itext7-barcodes-7.0.0-sources.jar;C:\Users\Gepardas\Desktop\Mokslai programavimo\Projects\lib\itext7-barcodes-7.0.0.jar;C:\Users\Gepardas\Desktop\Mokslai programavimo\Projects\lib\itext7-font-asian-7.0.0-javadoc.jar;C:\Users\Gepardas\Desktop\Mokslai programavimo\Projects\lib\itext7-font-asian-7.0.0.jar;C:\Users\Gepardas\Desktop\Mokslai programavimo\Projects\lib\itext7-forms-7.0.0-javadoc.jar;C:\Users\Gepardas\Desktop\Mokslai programavimo\Projects\lib\itext7-forms-7.0.0-sources.jar;C:\Users\Gepardas\Desktop\Mokslai programavimo\Projects\lib\itext7-forms-7.0.0.jar;C:\Users\Gepardas\Desktop\Mokslai programavimo\Projects\lib\itext7-hyph-7.0.0-javadoc.jar;C:\Users\Gepardas\Desktop\Mokslai programavimo\Projects\lib\itext7-hyph-7.0.0.jar;C:\Users\Gepardas\Desktop\Mokslai programavimo\Projects\lib\itext7-io-7.0.0-javadoc.jar;C:\Users\Gepardas\Desktop\Mokslai programavimo\Projects\lib\itext7-io-7.0.0-sources.jar;C:\Users\Gepardas\Desktop\Mokslai programavimo\Projects\lib\itext7-io-7.0.0.jar;C:\Users\Gepardas\Desktop\Mokslai programavimo\Projects\lib\itext7-kernel-7.0.0-javadoc.jar;C:\Users\Gepardas\Desktop\Mokslai programavimo\Projects\lib\itext7-kernel-7.0.0-sources.jar;C:\Users\Gepardas\Desktop\Mokslai programavimo\Projects\lib\itext7-kernel-7.0.0.jar;C:\Users\Gepardas\Desktop\Mokslai programavimo\Projects\lib\itext7-layout-7.0.0-javadoc.jar;C:\Users\Gepardas\Desktop\Mokslai programavimo\Projects\lib\itext7-layout-7.0.0-sources.jar;C:\Users\Gepardas\Desktop\Mokslai programavimo\Projects\lib\itext7-layout-7.0.0.jar;C:\Users\Gepardas\Desktop\Mokslai programavimo\Projects\lib\itext7-pdfa-7.0.0-javadoc.jar;C:\Users\Gepardas\Desktop\Mokslai programavimo\Projects\lib\itext7-pdfa-7.0.0-sources.jar;C:\Users\Gepardas\Desktop\Mokslai programavimo\Projects\lib\itext7-pdfa-7.0.0.jar;C:\Users\Gepardas\Desktop\Mokslai programavimo\Projects\lib\itext7-pdftest-7.0.0-javadoc.jar;C:\Users\Gepardas\Desktop\Mokslai programavimo\Projects\lib\itext7-pdftest-7.0.0-sources.jar;C:\Users\Gepardas\Desktop\Mokslai programavimo\Projects\lib\itext7-pdftest-7.0.0.jar;C:\Users\Gepardas\Desktop\Mokslai programavimo\Projects\lib\itext7-sign-7.0.0-javadoc.jar;C:\Users\Gepardas\Desktop\Mokslai programavimo\Projects\lib\itext7-sign-7.0.0-sources.jar;C:\Users\Gepardas\Desktop\Mokslai programavimo\Projects\lib\itext7-sign-7.0.0.jar;C:\Users\Gepardas\Desktop\Mokslai programavimo\Projects\lib\slf4j-api-1.7.21.jar;C:\Users\Gepardas\Desktop\Mokslai programavimo\Projects\lib\slf4j-ext-1.7.21.jar;C:\Users\Gepardas\Desktop\Mokslai programavimo\Projects\lib\slf4j-jdk14-1.7.21.jar" />
    <property name="libs.hamcrest.classpath" value="C:\Program Files\NetBeans 8.2\platform\modules\ext\hamcrest-core-1.3.jar" />
    <property name="libs.javac-api.javadoc" value="" />
    <property name="os.name" value="Windows 10" />
    <property name="test.class" value="MyTest" />
    <property name="libs.beans-binding.classpath" value="C:\Program Files\NetBeans 8.2\java\modules\ext\beansbinding-1.2.1.jar" />
    <property name="libs.javaee-endorsed-api-7.0.maven-pom" value="" />
    <property name="ap.proc.none.internal" value="" />
    <property name="libs.DataBindingME-SVG.javadoc" value="C:\Program Files\NetBeans 8.2\mobility\modules\docs\netbeans_databindingme_svg-api.zip" />
    <property name="libs.restapi.javadoc" value="" />
    <property name="libs.JWSAntTasks.maven-pom" value="" />
    <property name="libs.jstl.classpath" value="C:\Program Files\NetBeans 8.2\enterprise\modules\ext\jstl-impl.jar;C:\Program Files\NetBeans 8.2\enterprise\modules\ext\jstl-api.jar" />
    <property name="libs.testng.src" value="" />
    <property name="libs.ojec-ant-utils.src" value="" />
    <property name="libs.spring-webmvc3.0.src" value="" />
    <property name="libs.restapi.classpath" value="C:\Program Files\NetBeans 8.2\enterprise\modules\ext\jaxrs-2.0\javax.ws.rs-api-2.0.jar" />
    <property name="java.vendor.url.bug" value="http://bugreport.sun.com/bugreport/" />
    <property name="libs.jaxb.maven-pom" value="" />
    <property name="os.arch" value="amd64" />
    <property name="libs.eclipselink.src" value="" />
    <property name="user.name" value="Gepardas" />
    <property name="libs.jsf12.javadoc" value="C:\Program Files\NetBeans 8.2\enterprise\docs\javaee-doc-api.jar" />
    <property name="libs.MyExcelApachePoi.maven-pom" value="" />
    <property name="copylibs.rebase" value="true" />
    <property name="file.reference.itext7-layout-7.0.0-sources.jar" value="C:\Users\Gepardas\Desktop\iText7-7.0.0\itext7-layout-7.0.0-sources.jar" />
    <property name="libs.j2me_common_ant.maven-pom" value="" />
    <property name="libs.MyLibrarPDF99999.javadoc" value="" />
    <property name="libs.spring-webmvc3.0.maven-pom" value="" />
    <property name="libs.swing-layout.maven-pom" value="" />
    <property name="sun.java.command" value="org.apache.tools.ant.taskdefs.optional.junit.JUnitTestRunner MyTest skipNonTests=false filtertrace=true haltOnError=false haltOnFailure=false showoutput=true outputtoformatters=true logfailedtests=true threadid=0 logtestlistenerevents=true formatter=org.apache.tools.ant.taskdefs.optional.junit.BriefJUnitResultFormatter formatter=org.apache.tools.ant.taskdefs.optional.junit.XMLJUnitResultFormatter,C:\Users\Gepardas\Documents\NetBeansProjects\PdfTest\build\test\results\TEST-MyTest.xml crashfile=C:\Users\Gepardas\Documents\NetBeansProjects\PdfTest\build\junitvmwatcher1968687150914572674.properties propsfile=C:\Users\Gepardas\Documents\NetBeansProjects\PdfTest\build\junit9138959430998633456.properties" />
    <property name="build.classes.dir" value="build/classes" />
    <property name="netbeans.accept_license_class" value="org.netbeans.license.AcceptLicense" />
    <property name="build.sysclasspath" value="ignore" />
    <property name="manifest.encoding" value="UTF-8" />
    <property name="ap.supported.internal" value="true" />
    <property name="java.failonerror" value="true" />
    <property name="libs.javaee-endorsed-api-7.0.javadoc" value="C:\Program Files\NetBeans 8.2\enterprise\docs\javaee-doc-api.jar" />
    <property name="ant.file.type.PdfTest" value="file" />
    <property name="libs.jaxws21.javadoc" value="C:\Program Files\NetBeans 8.2\java\docs\jaxws-api-doc.zip" />
    <property name="libs.spring-webmvc4.0.javadoc" value="" />
    <property name="includes" value="**" />
    <property name="libs.ojec-ant-utils.maven-pom" value="" />
    <property name="user.country" value="US" />
    <property name="manifest.file" value="manifest.mf" />
    <property name="libs.JMUnit4CLDC11.src" value="" />
    <property name="javadoc.encoding" value="UTF-8" />
    <property name="javac.classpath" value="C:\Users\Gepardas\Desktop\iText7-7.0.0\itext7-barcodes-7.0.0-javadoc.jar:C:\Users\Gepardas\Desktop\iText7-7.0.0\itext7-barcodes-7.0.0-sources.jar:C:\Users\Gepardas\Desktop\iText7-7.0.0\itext7-barcodes-7.0.0.jar:C:\Users\Gepardas\Desktop\iText7-7.0.0\itext7-font-asian-7.0.0-javadoc.jar:C:\Users\Gepardas\Desktop\iText7-7.0.0\itext7-font-asian-7.0.0.jar:C:\Users\Gepardas\Desktop\iText7-7.0.0\itext7-forms-7.0.0-javadoc.jar:C:\Users\Gepardas\Desktop\iText7-7.0.0\itext7-forms-7.0.0-sources.jar:C:\Users\Gepardas\Desktop\iText7-7.0.0\itext7-forms-7.0.0.jar:C:\Users\Gepardas\Desktop\iText7-7.0.0\itext7-hyph-7.0.0-javadoc.jar:C:\Users\Gepardas\Desktop\iText7-7.0.0\itext7-hyph-7.0.0.jar:C:\Users\Gepardas\Desktop\iText7-7.0.0\itext7-io-7.0.0-javadoc.jar:C:\Users\Gepardas\Desktop\iText7-7.0.0\itext7-io-7.0.0-sources.jar:C:\Users\Gepardas\Desktop\iText7-7.0.0\itext7-io-7.0.0.jar:C:\Users\Gepardas\Desktop\iText7-7.0.0\itext7-kernel-7.0.0-javadoc.jar:C:\Users\Gepardas\Desktop\iText7-7.0.0\itext7-kernel-7.0.0-sources.jar:C:\Users\Gepardas\Desktop\iText7-7.0.0\itext7-kernel-7.0.0.jar:C:\Users\Gepardas\Desktop\iText7-7.0.0\itext7-layout-7.0.0-javadoc.jar:C:\Users\Gepardas\Desktop\iText7-7.0.0\itext7-layout-7.0.0-sources.jar:C:\Users\Gepardas\Desktop\iText7-7.0.0\itext7-layout-7.0.0.jar:C:\Users\Gepardas\Desktop\iText7-7.0.0\itext7-pdfa-7.0.0-javadoc.jar:C:\Users\Gepardas\Desktop\iText7-7.0.0\itext7-pdfa-7.0.0-sources.jar:C:\Users\Gepardas\Desktop\iText7-7.0.0\itext7-pdfa-7.0.0.jar:C:\Users\Gepardas\Desktop\iText7-7.0.0\itext7-pdftest-7.0.0-javadoc.jar:C:\Users\Gepardas\Desktop\iText7-7.0.0\itext7-pdftest-7.0.0-sources.jar:C:\Users\Gepardas\Desktop\iText7-7.0.0\itext7-pdftest-7.0.0.jar:C:\Users\Gepardas\Desktop\iText7-7.0.0\itext7-sign-7.0.0-javadoc.jar:C:\Users\Gepardas\Desktop\iText7-7.0.0\itext7-sign-7.0.0-sources.jar:C:\Users\Gepardas\Desktop\iText7-7.0.0\itext7-sign-7.0.0.jar:C:\Users\Gepardas\Desktop\slf4j-1.7.21\slf4j-api-1.7.21.jar:C:\Users\Gepardas\Desktop\slf4j-1.7.21\slf4j-ext-1.7.21.jar:C:\Users\Gepardas\Desktop\slf4j-1.7.21\slf4j-jdk14-1.7.21.jar" />
    <property name="libs.jsp-compilation-syscp.src" value="" />
    <property name="libs.JAVADB_DRIVER_LABEL.src" value="" />
    <property name="libs.spring-framework400.classpath" value="C:\Program Files\NetBeans 8.2\ide\modules\org-apache-commons-logging.jar;C:\Program Files\NetBeans 8.2\java\modules\ext\cglib-2.2.jar;C:\Program Files\NetBeans 8.2\java\modules\ext\spring-4\spring-aop-4.0.1.RELEASE.jar;C:\Program Files\NetBeans 8.2\java\modules\ext\spring-4\spring-aspects-4.0.1.RELEASE.jar;C:\Program Files\NetBeans 8.2\java\modules\ext\spring-4\spring-beans-4.0.1.RELEASE.jar;C:\Program Files\NetBeans 8.2\java\modules\ext\spring-4\spring-build-src-4.0.1.RELEASE.jar;C:\Program Files\NetBeans 8.2\java\modules\ext\spring-4\spring-context-4.0.1.RELEASE.jar;C:\Program Files\NetBeans 8.2\java\modules\ext\spring-4\spring-context-support-4.0.1.RELEASE.jar;C:\Program Files\NetBeans 8.2\java\modules\ext\spring-4\spring-core-4.0.1.RELEASE.jar;C:\Program Files\NetBeans 8.2\java\modules\ext\spring-4\spring-expression-4.0.1.RELEASE.jar;C:\Program Files\NetBeans 8.2\java\modules\ext\spring-4\spring-framework-bom-4.0.1.RELEASE.jar;C:\Program Files\NetBeans 8.2\java\modules\ext\spring-4\spring-instrument-4.0.1.RELEASE.jar;C:\Program Files\NetBeans 8.2\java\modules\ext\spring-4\spring-instrument-tomcat-4.0.1.RELEASE.jar;C:\Program Files\NetBeans 8.2\java\modules\ext\spring-4\spring-jdbc-4.0.1.RELEASE.jar;C:\Program Files\NetBeans 8.2\java\modules\ext\spring-4\spring-jms-4.0.1.RELEASE.jar;C:\Program Files\NetBeans 8.2\java\modules\ext\spring-4\spring-messaging-4.0.1.RELEASE.jar;C:\Program Files\NetBeans 8.2\java\modules\ext\spring-4\spring-orm-4.0.1.RELEASE.jar;C:\Program Files\NetBeans 8.2\java\modules\ext\spring-4\spring-oxm-4.0.1.RELEASE.jar;C:\Program Files\NetBeans 8.2\java\modules\ext\spring-4\spring-test-4.0.1.RELEASE.jar;C:\Program Files\NetBeans 8.2\java\modules\ext\spring-4\spring-tx-4.0.1.RELEASE.jar;C:\Program Files\NetBeans 8.2\java\modules\ext\spring-4\spring-web-4.0.1.RELEASE.jar;C:\Program Files\NetBeans 8.2\java\modules\ext\spring-4\spring-webmvc-4.0.1.RELEASE.jar;C:\Program Files\NetBeans 8.2\java\modules\ext\spring-4\spring-webmvc-portlet-4.0.1.RELEASE.jar;C:\Program Files\NetBeans 8.2\java\modules\ext\spring-4\spring-websocket-4.0.1.RELEASE.jar" />
    <property name="debug-transport" value="dt_shmem" />
    <property name="netbeans.home" value="C:\Program Files\NetBeans 8.2\platform" />
    <property name="file.reference.itext7-pdfa-7.0.0.jar" value="C:\Users\Gepardas\Desktop\iText7-7.0.0\itext7-pdfa-7.0.0.jar" />
    <property name="build.compiler.emacs" value="true" />
    <property name="libs.MyLibraryPDF.classpath" value="C:\Users\Gepardas\Documents\NetBeansProjects\PdfTest" />
    <property name="libs.javaee-web-api-6.0.src" value="" />
    <property name="libs.jsp-compilation-syscp.classpath" value="C:\Program Files\NetBeans 8.2\extide\ant\lib\ant.jar;C:\Program Files\NetBeans 8.2\enterprise\modules\ext\servlet3.1-jsp2.3-api.jar;C:\Program Files\NetBeans 8.2\enterprise\modules\ext\glassfish-jspparser-4.0.jar;C:\Program Files\NetBeans 8.2\enterprise\modules\ext\jstl-impl.jar;C:\Program Files\NetBeans 8.2\enterprise\modules\ext\jsf-2_2\javax.faces.jar" />
    <property name="libs.nokiaS80-ant-utils.src" value="" />
    <property name="libs.cdc-pp-awt-layout.javadoc" value="" />
    <property name="libs.j2me_ant_ext.classpath" value="C:\Users\Gepardas\AppData\Roaming\NetBeans\8.2\modules\org-netbeans-modules-mobility-antext.jar;C:\Program Files\NetBeans 8.2\mobility\modules\org-netbeans-modules-j2me-common-ant.jar;C:\Program Files\NetBeans 8.2\java\modules\org-netbeans-modules-classfile.jar" />
    <property name="java.endorsed.dirs" value="C:\Program Files\Java\jdk1.8.0_112\jre\lib\endorsed" />
    <property name="user.language.format" value="lt" />
    <property name="libs.groovy-all.src" value="" />
    <property name="test.includes" value="MyTest.java" />
    <property name="netbeans.dynamic.classpath" value="C:\Program Files\NetBeans 8.2\platform\core\asm-all-5.0.1.jar;C:\Program Files\NetBeans 8.2\platform\core\core-base.jar;C:\Program Files\NetBeans 8.2\platform\core\core.jar;C:\Program Files\NetBeans 8.2\platform\core\org-netbeans-libs-asm.jar;C:\Program Files\NetBeans 8.2\platform\core\org-openide-filesystems-compat8.jar;C:\Program Files\NetBeans 8.2\platform\core\org-openide-filesystems.jar;C:\Program Files\NetBeans 8.2\platform\core\locale\core-base_ja.jar;C:\Program Files\NetBeans 8.2\platform\core\locale\core-base_pt_BR.jar;C:\Program Files\NetBeans 8.2\platform\core\locale\core-base_ru.jar;C:\Program Files\NetBeans 8.2\platform\core\locale\core-base_zh_CN.jar;C:\Program Files\NetBeans 8.2\platform\core\locale\core_ja.jar;C:\Program Files\NetBeans 8.2\platform\core\locale\core_pt_BR.jar;C:\Program Files\NetBeans 8.2\platform\core\locale\core_ru.jar;C:\Program Files\NetBeans 8.2\platform\core\locale\core_zh_CN.jar;C:\Program Files\NetBeans 8.2\platform\core\locale\org-netbeans-libs-asm_ja.jar;C:\Program Files\NetBeans 8.2\platform\core\locale\org-netbeans-libs-asm_pt_BR.jar;C:\Program Files\NetBeans 8.2\platform\core\locale\org-netbeans-libs-asm_ru.jar;C:\Program Files\NetBeans 8.2\platform\core\locale\org-netbeans-libs-asm_zh_CN.jar;C:\Program Files\NetBeans 8.2\platform\core\locale\org-openide-filesystems-compat8_ja.jar;C:\Program Files\NetBeans 8.2\platform\core\locale\org-openide-filesystems-compat8_pt_BR.jar;C:\Program Files\NetBeans 8.2\platform\core\locale\org-openide-filesystems-compat8_ru.jar;C:\Program Files\NetBeans 8.2\platform\core\locale\org-openide-filesystems-compat8_zh_CN.jar;C:\Program Files\NetBeans 8.2\platform\core\locale\org-openide-filesystems_ja.jar;C:\Program Files\NetBeans 8.2\platform\core\locale\org-openide-filesystems_pt_BR.jar;C:\Program Files\NetBeans 8.2\platform\core\locale\org-openide-filesystems_ru.jar;C:\Program Files\NetBeans 8.2\platform\core\locale\org-openide-filesystems_zh_CN.jar;C:\Program Files\NetBeans 8.2\nb\core\org-netbeans-upgrader.jar;C:\Program Files\NetBeans 8.2\nb\core\locale\core_nb.jar;C:\Program Files\NetBeans 8.2\nb\core\locale\core_nb_ja.jar;C:\Program Files\NetBeans 8.2\nb\core\locale\core_nb_pt_BR.jar;C:\Program Files\NetBeans 8.2\nb\core\locale\core_nb_ru.jar;C:\Program Files\NetBeans 8.2\nb\core\locale\core_nb_zh_CN.jar;C:\Program Files\NetBeans 8.2\nb\core\locale\org-netbeans-upgrader_ja.jar;C:\Program Files\NetBeans 8.2\nb\core\locale\org-netbeans-upgrader_pt_BR.jar;C:\Program Files\NetBeans 8.2\nb\core\locale\org-netbeans-upgrader_ru.jar;C:\Program Files\NetBeans 8.2\nb\core\locale\org-netbeans-upgrader_zh_CN.jar" />
    <property name="libs.cdc-agui-swing-layout.maven-pom" value="" />
    <property name="libs.cdc-pp-awt-layout.src" value="C:\Users\Gepardas\AppData\Roaming\NetBeans\8.2\sources\cdc-pp-awt-layout-src.zip" />
    <property name="java.vm.specification.version" value="1.8" />
    <property name="libs.jakarta_slide_ant_webdav.src" value="" />
    <property name="libs.hibernate4-support.src" value="" />
    <property name="libs.primefaces.classpath" value="C:\Program Files\NetBeans 8.2\enterprise\modules\ext\primefaces\primefaces-5.0.jar" />
    <property name="libs.javaee-api-6.0.classpath" value="C:\Program Files\NetBeans 8.2\enterprise\modules\ext\javaee-api-6.0.jar" />
    <property name="libs.sjmc-ant-utils.maven-pom" value="" />
    <property name="libs.groovy-all.maven-pom" value="" />
    <property name="libs.JMUnit4CLDC10.maven-pom" value="" />
    <property name="netbeans.productversion" value="NetBeans IDE 8.2 (Build 201609300101)" />
    <property name="libs.jaxws21.src" value="" />
    <property name="libs.UcanAcess.maven-pom" value="" />
    <property name="application.title" value="PdfTest" />
    <property name="do.archive" value="true" />
    <property name="libs.swing-app-framework.classpath" value="C:\Users\Gepardas\AppData\Roaming\NetBeans\8.2\modules\ext\appframework-1.0.3.jar;C:\Users\Gepardas\AppData\Roaming\NetBeans\8.2\modules\ext\swing-worker-1.1.jar" />
    <property name="libs.MyLibrary_2.maven-pom" value="" />
    <property name="netbeans.autoupdate.language" value="en" />
    <property name="libs.jakarta_slide_ant_webdav.classpath" value="C:\Users\Gepardas\AppData\Roaming\NetBeans\8.2\modules\ext\commons-httpclient-3.0.1.jar;C:\Program Files\NetBeans 8.2\ide\modules\org-apache-commons-logging.jar;C:\Users\Gepardas\AppData\Roaming\NetBeans\8.2\modules\ext\jdom-1.0.jar;C:\Users\Gepardas\AppData\Roaming\NetBeans\8.2\modules\ext\jakarta-slide-webdavlib-2.1.jar;C:\Users\Gepardas\AppData\Roaming\NetBeans\8.2\modules\ext\jakarta-slide-ant-webdav-2.1.jar" />
    <property name="java.vendor" value="Oracle Corporation" />
    <property name="file.reference.itext7-io-7.0.0-javadoc.jar-1" value="C:\Users\Gepardas\Desktop\iText7-7.0.0\itext7-io-7.0.0-javadoc.jar" />
    <property name="libs.JMUnit4CLDC10.src" value="" />
    <property name="libs.javaee-api-6.0.javadoc" value="C:\Program Files\NetBeans 8.2\enterprise\docs\javaee-doc-api.jar" />
    <property name="jar.index.metainf" value="false" />
    <property name="modules.ignore.jdk.factory" value="true" />
    <property name="javac.debug" value="true" />
    <property name="javadoc.splitindex" value="true" />
    <property name="file.separator" value="\" />
    <property name="javac.includesfile.binary" value="C:\Users\Gepardas\Documents\NetBeansProjects\PdfTest\null2062786044" />
    <property name="libs.junit_4.maven-pom" value="" />
    <property name="mkdist.disabled" value="false" />
    <property name="javac.test.processorpath" value="C:\Users\Gepardas\Desktop\iText7-7.0.0\itext7-barcodes-7.0.0-javadoc.jar:C:\Users\Gepardas\Desktop\iText7-7.0.0\itext7-barcodes-7.0.0-sources.jar:C:\Users\Gepardas\Desktop\iText7-7.0.0\itext7-barcodes-7.0.0.jar:C:\Users\Gepardas\Desktop\iText7-7.0.0\itext7-font-asian-7.0.0-javadoc.jar:C:\Users\Gepardas\Desktop\iText7-7.0.0\itext7-font-asian-7.0.0.jar:C:\Users\Gepardas\Desktop\iText7-7.0.0\itext7-forms-7.0.0-javadoc.jar:C:\Users\Gepardas\Desktop\iText7-7.0.0\itext7-forms-7.0.0-sources.jar:C:\Users\Gepardas\Desktop\iText7-7.0.0\itext7-forms-7.0.0.jar:C:\Users\Gepardas\Desktop\iText7-7.0.0\itext7-hyph-7.0.0-javadoc.jar:C:\Users\Gepardas\Desktop\iText7-7.0.0\itext7-hyph-7.0.0.jar:C:\Users\Gepardas\Desktop\iText7-7.0.0\itext7-io-7.0.0-javadoc.jar:C:\Users\Gepardas\Desktop\iText7-7.0.0\itext7-io-7.0.0-sources.jar:C:\Users\Gepardas\Desktop\iText7-7.0.0\itext7-io-7.0.0.jar:C:\Users\Gepardas\Desktop\iText7-7.0.0\itext7-kernel-7.0.0-javadoc.jar:C:\Users\Gepardas\Desktop\iText7-7.0.0\itext7-kernel-7.0.0-sources.jar:C:\Users\Gepardas\Desktop\iText7-7.0.0\itext7-kernel-7.0.0.jar:C:\Users\Gepardas\Desktop\iText7-7.0.0\itext7-layout-7.0.0-javadoc.jar:C:\Users\Gepardas\Desktop\iText7-7.0.0\itext7-layout-7.0.0-sources.jar:C:\Users\Gepardas\Desktop\iText7-7.0.0\itext7-layout-7.0.0.jar:C:\Users\Gepardas\Desktop\iText7-7.0.0\itext7-pdfa-7.0.0-javadoc.jar:C:\Users\Gepardas\Desktop\iText7-7.0.0\itext7-pdfa-7.0.0-sources.jar:C:\Users\Gepardas\Desktop\iText7-7.0.0\itext7-pdfa-7.0.0.jar:C:\Users\Gepardas\Desktop\iText7-7.0.0\itext7-pdftest-7.0.0-javadoc.jar:C:\Users\Gepardas\Desktop\iText7-7.0.0\itext7-pdftest-7.0.0-sources.jar:C:\Users\Gepardas\Desktop\iText7-7.0.0\itext7-pdftest-7.0.0.jar:C:\Users\Gepardas\Desktop\iText7-7.0.0\itext7-sign-7.0.0-javadoc.jar:C:\Users\Gepardas\Desktop\iText7-7.0.0\itext7-sign-7.0.0-sources.jar:C:\Users\Gepardas\Desktop\iText7-7.0.0\itext7-sign-7.0.0.jar:C:\Users\Gepardas\Desktop\slf4j-1.7.21\slf4j-api-1.7.21.jar:C:\Users\Gepardas\Desktop\slf4j-1.7.21\slf4j-ext-1.7.21.jar:C:\Users\Gepardas\Desktop\slf4j-1.7.21\slf4j-jdk14-1.7.21.jar:build/classes:C:\Program Files\NetBeans 8.2\platform\modules\ext\junit-4.12.jar:C:\Program Files\NetBeans 8.2\platform\modules\ext\hamcrest-core-1.3.jar" />
    <property name="netbeans.buildnumber" value="201609300101" />
    <property name="libs.JWSAntTasks.javadoc" value="" />
    <property name="build.generated.sources.dir" value="build/generated-sources" />
    <property name="user.variant" value="" />
    <property name="libs.eclipselinkmodelgen.classpath" value="C:\Program Files\NetBeans 8.2\java\modules\ext\eclipselink\org.eclipse.persistence.jpa.modelgen_2.5.2.v20140319-9ad6abd.jar" />
    <property name="libs.javaee-endorsed-api-7.0.src" value="" />
    <property name="sun.java.launcher" value="SUN_STANDARD" />
    <property name="libs.hibernate4-persistencemodelgen.javadoc" value="" />
    <property name="libs.jaxb.javadoc" value="C:\Program Files\NetBeans 8.2\ide\docs\jaxb-api-doc.zip" />
    <property name="libs.struts.classpath" value="C:\Program Files\NetBeans 8.2\enterprise\modules\ext\struts\antlr-2.7.2.jar;C:\Program Files\NetBeans 8.2\enterprise\modules\ext\struts\bsf-2.3.0.jar;C:\Program Files\NetBeans 8.2\enterprise\modules\ext\struts\commons-beanutils-1.8.0.jar;C:\Program Files\NetBeans 8.2\enterprise\modules\ext\struts\commons-chain-1.2.jar;C:\Program Files\NetBeans 8.2\enterprise\modules\ext\struts\commons-digester-1.8.jar;C:\Program Files\NetBeans 8.2\enterprise\modules\ext\struts\commons-fileupload-1.1.1.jar;C:\Program Files\NetBeans 8.2\enterprise\modules\ext\struts\commons-io-1.1.jar;C:\Program Files\NetBeans 8.2\enterprise\modules\ext\struts\commons-logging-1.0.4.jar;C:\Program Files\NetBeans 8.2\enterprise\modules\ext\struts\commons-validator-1.3.1.jar;C:\Program Files\NetBeans 8.2\enterprise\modules\ext\struts\jstl-1.0.2.jar;C:\Program Files\NetBeans 8.2\enterprise\modules\ext\struts\oro-2.0.8.jar;C:\Program Files\NetBeans 8.2\enterprise\modules\ext\struts\standard-1.0.6.jar;C:\Program Files\NetBeans 8.2\enterprise\modules\ext\struts\struts-core-1.3.10.jar;C:\Program Files\NetBeans 8.2\enterprise\modules\ext\struts\struts-el-1.3.10.jar;C:\Program Files\NetBeans 8.2\enterprise\modules\ext\struts\struts-extras-1.3.10.jar;C:\Program Files\NetBeans 8.2\enterprise\modules\ext\struts\struts-faces-1.3.10.jar;C:\Program Files\NetBeans 8.2\enterprise\modules\ext\struts\struts-mailreader-dao-1.3.10.jar;C:\Program Files\NetBeans 8.2\enterprise\modules\ext\struts\struts-scripting-1.3.10.jar;C:\Program Files\NetBeans 8.2\enterprise\modules\ext\struts\struts-taglib-1.3.10.jar;C:\Program Files\NetBeans 8.2\enterprise\modules\ext\struts\struts-tiles-1.3.10.jar" />
    <property name="javac.includes.binary" value="C:\Users\Gepardas\Documents\NetBeansProjects\PdfTest\build\test\classes\MyTest.class" />
    <property name="ant.home" value="C:\Program Files\NetBeans 8.2\extide\ant" />
    <property name="libs.junit_4.src" value="C:\Program Files\NetBeans 8.2\platform\docs\junit-4.12-sources.jar" />
    <property name="libs.testng.classpath" value="C:\Program Files\NetBeans 8.2\platform\modules\ext\testng-6.8.1-dist.jar" />
    <property name="libs.absolutelayout.maven-pom" value="" />
    <property name="ant.java.version" value="1.8" />
    <property name="java.library.path" value="C:\Program Files\Java\jdk1.8.0_112\jre\bin;C:\WINDOWS\Sun\Java\bin;C:\WINDOWS\system32;C:\WINDOWS;C:\ProgramData\Oracle\Java\javapath;C:\WINDOWS\system32;C:\WINDOWS;C:\WINDOWS\System32\Wbem;C:\WINDOWS\System32\WindowsPowerShell\v1.0\;C:\Program Files (x86)\Skype\Phone\;C:\Program Files\Java\jdk1.8.0_102\bin;C:\Program Files (x86)\Inno Setup 5;C:\Program Files (x86)\WiX Toolset v3.10\bin;." />
    <property name="javadoc.author" value="false" />
    <property name="libs.metro.maven-pom" value="" />
    <property name="file.reference.slf4j-api-1.7.21.jar-1" value="C:\Users\Gepardas\Desktop\slf4j-1.7.21\slf4j-api-1.7.21.jar" />
    <property name="java.util.logging.config.class" value="org.netbeans.core.startup.TopLogging" />
    <property name="libs.spring-framework400.src" value="" />
    <property name="libs.PostgreSQLDriver.src" value="" />
    <property name="sun.arch.data.model" value="64" />
    <property name="basedir" value="C:\Users\Gepardas\Documents\NetBeansProjects\PdfTest" />
    <property name="file.reference.itext7-barcodes-7.0.0-javadoc.jar" value="C:\Users\Gepardas\Desktop\iText7-7.0.0\itext7-barcodes-7.0.0-javadoc.jar" />
    <property name="libs.jpa20-persistence.maven-pom" value="" />
    <property name="jar.compress" value="true" />
    <property name="libs.javaee-web-api-7.0.classpath" value="C:\Program Files\NetBeans 8.2\enterprise\modules\ext\javaee-web-api-7.0.jar" />
    <property name="path.separator" value=";" />
    <property name="libs.javaee-web-api-6.0.javadoc" value="C:\Program Files\NetBeans 8.2\enterprise\docs\javaee-doc-api.jar" />
    <property name="ant.junit.enabletestlistenerevents" value="true" />
    <property name="sun.io.unicode.encoding" value="UnicodeLittle" />
    <property name="libs.semc-ant-utils.javadoc" value="" />
    <property name="libs.jaxws21.classpath" value="C:\Program Files\NetBeans 8.2\ide\modules\ext\jaxb\jaxb-impl.jar;C:\Program Files\NetBeans 8.2\ide\modules\ext\jaxb\jaxb-xjc.jar;C:\Program Files\NetBeans 8.2\java\modules\ext\jaxws22\FastInfoset.jar;C:\Program Files\NetBeans 8.2\java\modules\ext\jaxws22\gmbal-api-only.jar;C:\Program Files\NetBeans 8.2\java\modules\ext\jaxws22\ha-api.jar;C:\Program Files\NetBeans 8.2\java\modules\ext\jaxws22\javax.mail_1.4.jar;C:\Program Files\NetBeans 8.2\java\modules\ext\jaxws22\jaxws-rt.jar;C:\Program Files\NetBeans 8.2\java\modules\ext\jaxws22\jaxws-tools.jar;C:\Program Files\NetBeans 8.2\java\modules\ext\jaxws22\management-api.jar;C:\Program Files\NetBeans 8.2\java\modules\ext\jaxws22\mimepull.jar;C:\Program Files\NetBeans 8.2\java\modules\ext\jaxws22\policy.jar;C:\Program Files\NetBeans 8.2\java\modules\ext\jaxws22\saaj-impl.jar;C:\Program Files\NetBeans 8.2\java\modules\ext\jaxws22\stax-ex.jar;C:\Program Files\NetBeans 8.2\java\modules\ext\jaxws22\stax2-api.jar;C:\Program Files\NetBeans 8.2\java\modules\ext\jaxws22\streambuffer.jar;C:\Program Files\NetBeans 8.2\java\modules\ext\jaxws22\woodstox-core-asl.jar;C:\Program Files\NetBeans 8.2\java\modules\ext\jaxws22\api\jaxws-api.jar;C:\Program Files\NetBeans 8.2\java\modules\ext\jaxws22\api\jsr181-api.jar;C:\Program Files\NetBeans 8.2\java\modules\ext\jaxws22\api\javax.annotation.jar;C:\Program Files\NetBeans 8.2\java\modules\ext\jaxws22\api\saaj-api.jar;C:\Program Files\NetBeans 8.2\ide\modules\ext\jaxb\activation.jar;C:\Program Files\NetBeans 8.2\ide\modules\ext\jaxb\api\jaxb-api.jar;C:\Program Files\NetBeans 8.2\ide\modules\ext\jaxb\api\jsr173_1.0_api.jar" />
    <property name="libs.struts.src" value="" />
    <property name="compile.on.save" value="false" />
    <property name="apple.awt.graphics.UseQuartz" value="true" />
    <property name="user.language" value="en" />
    <property name="testng.mode" value="testng" />
    <property name="libs.JAXB-ENDORSED.maven-pom" value="" />
    <property name="libs.eclipselink.maven-pom" value="" />
    <property name="libs.Itext7.javadoc" value="" />
    <property name="libs.Acess.src" value="" />
    <property name="application.vendor" value="Gepardas" />
    <property name="test.binaryincludes" value="&lt;nothing&gt;" />
    <property name="manifest.available" value="true" />
    <property name="libs.primefaces.javadoc" value="" />
    <property name="libs.spring-framework300.maven-pom" value="" />
    <property name="run.test.classpath" value="C:\Users\Gepardas\Desktop\iText7-7.0.0\itext7-barcodes-7.0.0-javadoc.jar:C:\Users\Gepardas\Desktop\iText7-7.0.0\itext7-barcodes-7.0.0-sources.jar:C:\Users\Gepardas\Desktop\iText7-7.0.0\itext7-barcodes-7.0.0.jar:C:\Users\Gepardas\Desktop\iText7-7.0.0\itext7-font-asian-7.0.0-javadoc.jar:C:\Users\Gepardas\Desktop\iText7-7.0.0\itext7-font-asian-7.0.0.jar:C:\Users\Gepardas\Desktop\iText7-7.0.0\itext7-forms-7.0.0-javadoc.jar:C:\Users\Gepardas\Desktop\iText7-7.0.0\itext7-forms-7.0.0-sources.jar:C:\Users\Gepardas\Desktop\iText7-7.0.0\itext7-forms-7.0.0.jar:C:\Users\Gepardas\Desktop\iText7-7.0.0\itext7-hyph-7.0.0-javadoc.jar:C:\Users\Gepardas\Desktop\iText7-7.0.0\itext7-hyph-7.0.0.jar:C:\Users\Gepardas\Desktop\iText7-7.0.0\itext7-io-7.0.0-javadoc.jar:C:\Users\Gepardas\Desktop\iText7-7.0.0\itext7-io-7.0.0-sources.jar:C:\Users\Gepardas\Desktop\iText7-7.0.0\itext7-io-7.0.0.jar:C:\Users\Gepardas\Desktop\iText7-7.0.0\itext7-kernel-7.0.0-javadoc.jar:C:\Users\Gepardas\Desktop\iText7-7.0.0\itext7-kernel-7.0.0-sources.jar:C:\Users\Gepardas\Desktop\iText7-7.0.0\itext7-kernel-7.0.0.jar:C:\Users\Gepardas\Desktop\iText7-7.0.0\itext7-layout-7.0.0-javadoc.jar:C:\Users\Gepardas\Desktop\iText7-7.0.0\itext7-layout-7.0.0-sources.jar:C:\Users\Gepardas\Desktop\iText7-7.0.0\itext7-layout-7.0.0.jar:C:\Users\Gepardas\Desktop\iText7-7.0.0\itext7-pdfa-7.0.0-javadoc.jar:C:\Users\Gepardas\Desktop\iText7-7.0.0\itext7-pdfa-7.0.0-sources.jar:C:\Users\Gepardas\Desktop\iText7-7.0.0\itext7-pdfa-7.0.0.jar:C:\Users\Gepardas\Desktop\iText7-7.0.0\itext7-pdftest-7.0.0-javadoc.jar:C:\Users\Gepardas\Desktop\iText7-7.0.0\itext7-pdftest-7.0.0-sources.jar:C:\Users\Gepardas\Desktop\iText7-7.0.0\itext7-pdftest-7.0.0.jar:C:\Users\Gepardas\Desktop\iText7-7.0.0\itext7-sign-7.0.0-javadoc.jar:C:\Users\Gepardas\Desktop\iText7-7.0.0\itext7-sign-7.0.0-sources.jar:C:\Users\Gepardas\Desktop\iText7-7.0.0\itext7-sign-7.0.0.jar:C:\Users\Gepardas\Desktop\slf4j-1.7.21\slf4j-api-1.7.21.jar:C:\Users\Gepardas\Desktop\slf4j-1.7.21\slf4j-ext-1.7.21.jar:C:\Users\Gepardas\Desktop\slf4j-1.7.21\slf4j-jdk14-1.7.21.jar:build/classes:C:\Program Files\NetBeans 8.2\platform\modules\ext\junit-4.12.jar:C:\Program Files\NetBeans 8.2\platform\modules\ext\hamcrest-core-1.3.jar:build/test/classes" />
    <property name="ant.project.invoked-targets" value="test-single" />
    <property name="test.binaryexcludes" value="" />
    <property name="libs.swing-layout.javadoc" value="C:\Program Files\NetBeans 8.2\platform\docs\swing-layout-1.0.4-doc.zip" />
    <property name="sun.java2d.dpiaware" value="true" />
    <property name="libs.hibernate4-persistence.maven-pom" value="" />
    <property name="file.reference.itext7-pdftest-7.0.0-javadoc.jar" value="C:\Users\Gepardas\Desktop\iText7-7.0.0\itext7-pdftest-7.0.0-javadoc.jar" />
    <property name="libs.swing-app-framework.javadoc" value="C:\Users\Gepardas\AppData\Roaming\NetBeans\8.2\docs\appframework-1.0.3-doc.zip" />
    <property name="libs.DataBindingME-SVG.classpath" value="C:\Program Files\NetBeans 8.2\mobility\modules\ext\netbeans_databindingme_svg.jar" />
    <property name="https.nonProxyHosts" value="localhost|127.0.0.1|Gepardas-PC" />
    <property name="libs.PostgreSQLDriver.maven-pom" value="" />
    <property name="java.class.version" value="52.0" />
    <property name="libs.JAVADB_DRIVER_LABEL.classpath" value="C:\Program Files\Java\jdk1.8.0_102\db\lib\derby.jar;C:\Program Files\Java\jdk1.8.0_102\db\lib\derbyclient.jar;C:\Program Files\Java\jdk1.8.0_102\db\lib\derbynet.jar" />
    <property name="libs.hibernate4-persistencemodelgen.maven-pom" value="" />
    <property name="libs.javaee-endorsed-api-6.0.src" value="" />
    <property name="libs.cdc-ant-utils.classpath" value="C:\Users\Gepardas\AppData\Roaming\NetBeans\8.2\modules\ext\org-netbeans-modules-j2me-cdc-project.jar" />
    <property name="libs.eclipselink.javadoc" value="C:\Program Files\NetBeans 8.2\java\modules\ext\docs\javax.persistence-2.1.0-doc.zip" />
    <property name="libs.jsp-compilation.maven-pom" value="" />
    <property name="user.properties.file" value="C:\Users\Gepardas\AppData\Roaming\NetBeans\8.2\build.properties" />
    <property name="runtime.encoding" value="UTF-8" />
    <property name="libs.javac-api.maven-pom" value="" />
    <property name="libs.javaee-api-5.0.maven-pom" value="" />
    <property name="file.encoding.pkg" value="sun.io" />
    <property name="sun.cpu.endian" value="little" />
    <property name="libs.JAXB-ENDORSED.javadoc" value="" />
    <property name="libs.JWSAntTasks.classpath" value="C:\Program Files\NetBeans 8.2\java\ant\extra\org-netbeans-modules-javawebstart-anttasks.jar" />
    <property name="libs.spring-webmvc4.0.maven-pom" value="" />
    <property name="libs.spring-framework300.src" value="" />
    <property name="libs.ant-contrib.classpath" value="C:\Users\Gepardas\AppData\Roaming\NetBeans\8.2\modules\ext\ant-contrib-1.0b3.jar" />
    <property name="libs.UcanAcess.javadoc" value="" />
    <property name="libs.jstl.src" value="" />
    <property name="libs.UcanAcess.src" value="" />
    <property name="empty.dir" value="C:\Users\Gepardas\Documents\NetBeansProjects\PdfTest\build\empty" />
    <property name="version-output" value="java version &quot;1.8" />
    <property name="test.binarytestincludes" value="" />
    <property name="libs.hibernate4-persistencemodelgen.src" value="" />
    <property name="ant.file.PdfTest" value="C:\Users\Gepardas\Documents\NetBeansProjects\PdfTest\build.xml" />
    <property name="javadoc.preview" value="true" />
    <property name="file.reference.itext7-pdfa-7.0.0-javadoc.jar" value="C:\Users\Gepardas\Desktop\iText7-7.0.0\itext7-pdfa-7.0.0-javadoc.jar" />
    <property name="libs.jpa20-persistence.javadoc" value="C:\Program Files\NetBeans 8.2\java\modules\ext\docs\javax.persistence-2.1.0-doc.zip" />
    <property name="java.home" value="C:\Program Files\Java\jdk1.8.0_112\jre" />
    <property name="libs.ojec-ant-utils.javadoc" value="" />
    <property name="libs.jsp-compilation.src" value="" />
    <property name="ant.file.PdfTest-impl" value="C:\Users\Gepardas\Documents\NetBeansProjects\PdfTest\nbproject\build-impl.xml" />
    <property name="libs.ant-contrib.javadoc" value="" />
    <property name="debug.test.classpath" value="C:\Users\Gepardas\Desktop\iText7-7.0.0\itext7-barcodes-7.0.0-javadoc.jar:C:\Users\Gepardas\Desktop\iText7-7.0.0\itext7-barcodes-7.0.0-sources.jar:C:\Users\Gepardas\Desktop\iText7-7.0.0\itext7-barcodes-7.0.0.jar:C:\Users\Gepardas\Desktop\iText7-7.0.0\itext7-font-asian-7.0.0-javadoc.jar:C:\Users\Gepardas\Desktop\iText7-7.0.0\itext7-font-asian-7.0.0.jar:C:\Users\Gepardas\Desktop\iText7-7.0.0\itext7-forms-7.0.0-javadoc.jar:C:\Users\Gepardas\Desktop\iText7-7.0.0\itext7-forms-7.0.0-sources.jar:C:\Users\Gepardas\Desktop\iText7-7.0.0\itext7-forms-7.0.0.jar:C:\Users\Gepardas\Desktop\iText7-7.0.0\itext7-hyph-7.0.0-javadoc.jar:C:\Users\Gepardas\Desktop\iText7-7.0.0\itext7-hyph-7.0.0.jar:C:\Users\Gepardas\Desktop\iText7-7.0.0\itext7-io-7.0.0-javadoc.jar:C:\Users\Gepardas\Desktop\iText7-7.0.0\itext7-io-7.0.0-sources.jar:C:\Users\Gepardas\Desktop\iText7-7.0.0\itext7-io-7.0.0.jar:C:\Users\Gepardas\Desktop\iText7-7.0.0\itext7-kernel-7.0.0-javadoc.jar:C:\Users\Gepardas\Desktop\iText7-7.0.0\itext7-kernel-7.0.0-sources.jar:C:\Users\Gepardas\Desktop\iText7-7.0.0\itext7-kernel-7.0.0.jar:C:\Users\Gepardas\Desktop\iText7-7.0.0\itext7-layout-7.0.0-javadoc.jar:C:\Users\Gepardas\Desktop\iText7-7.0.0\itext7-layout-7.0.0-sources.jar:C:\Users\Gepardas\Desktop\iText7-7.0.0\itext7-layout-7.0.0.jar:C:\Users\Gepardas\Desktop\iText7-7.0.0\itext7-pdfa-7.0.0-javadoc.jar:C:\Users\Gepardas\Desktop\iText7-7.0.0\itext7-pdfa-7.0.0-sources.jar:C:\Users\Gepardas\Desktop\iText7-7.0.0\itext7-pdfa-7.0.0.jar:C:\Users\Gepardas\Desktop\iText7-7.0.0\itext7-pdftest-7.0.0-javadoc.jar:C:\Users\Gepardas\Desktop\iText7-7.0.0\itext7-pdftest-7.0.0-sources.jar:C:\Users\Gepardas\Desktop\iText7-7.0.0\itext7-pdftest-7.0.0.jar:C:\Users\Gepardas\Desktop\iText7-7.0.0\itext7-sign-7.0.0-javadoc.jar:C:\Users\Gepardas\Desktop\iText7-7.0.0\itext7-sign-7.0.0-sources.jar:C:\Users\Gepardas\Desktop\iText7-7.0.0\itext7-sign-7.0.0.jar:C:\Users\Gepardas\Desktop\slf4j-1.7.21\slf4j-api-1.7.21.jar:C:\Users\Gepardas\Desktop\slf4j-1.7.21\slf4j-ext-1.7.21.jar:C:\Users\Gepardas\Desktop\slf4j-1.7.21\slf4j-jdk14-1.7.21.jar:build/classes:C:\Program Files\NetBeans 8.2\platform\modules\ext\junit-4.12.jar:C:\Program Files\NetBeans 8.2\platform\modules\ext\hamcrest-core-1.3.jar:build/test/classes" />
    <property name="libs.javaee-endorsed-api-6.0.classpath" value="C:\Program Files\NetBeans 8.2\enterprise\modules\ext\javaee6-endorsed\javax.annotation.jar;C:\Program Files\NetBeans 8.2\enterprise\modules\ext\javaee6-endorsed\jaxb-api-osgi.jar;C:\Program Files\NetBeans 8.2\enterprise\modules\ext\javaee6-endorsed\webservices-api-osgi.jar" />
    <property name="libs.javaee-api-6.0.src" value="" />
    <property name="netbeans.importclass" value="org.netbeans.upgrade.AutoUpgrade" />
    <property name="ant.project.default-target" value="default" />
    <property name="annotation.processing.run.all.processors" value="true" />
    <property name="libs.MyLibrary.classpath" value="C:\Users\Gepardas\Documents\NetBeansProjects\PdfTest" />
    <property name="libs.savaje-ant-utils.classpath" value="C:\Users\Gepardas\AppData\Roaming\NetBeans\8.2\modules\ext\org-netbeans-modules-j2me-cdc-project-savaje.jar" />
    <property name="libs.DataBindingME.maven-pom" value="" />
    <property name="libs.PostgreSQLDriver.javadoc" value="" />
    <property name="libs.restlib.classpath" value="C:\Program Files\NetBeans 8.2\enterprise\modules\ext\jersey2\ext\asm-all-repackaged-2.2.0-b21.jar;C:\Program Files\NetBeans 8.2\enterprise\modules\ext\jersey2\ext\cglib-2.2.0-b21.jar;C:\Program Files\NetBeans 8.2\enterprise\modules\ext\jersey2\ext\guava-14.0.1.jar;C:\Program Files\NetBeans 8.2\enterprise\modules\ext\jersey2\ext\hk2-api-2.2.0-b21.jar;C:\Program Files\NetBeans 8.2\enterprise\modules\ext\jersey2\ext\hk2-locator-2.2.0-b21.jar;C:\Program Files\NetBeans 8.2\enterprise\modules\ext\jersey2\ext\hk2-utils-2.2.0-b21.jar;C:\Program Files\NetBeans 8.2\enterprise\modules\ext\jersey2\ext\javax.annotation-api-1.2.jar;C:\Program Files\NetBeans 8.2\enterprise\modules\ext\jersey2\ext\javax.inject-2.2.0-b21.jar;C:\Program Files\NetBeans 8.2\enterprise\modules\ext\jersey2\ext\javax.servlet-api-3.0.1.jar;C:\Program Files\NetBeans 8.2\enterprise\modules\ext\jersey2\ext\jaxb-api-2.2.7.jar;C:\Program Files\NetBeans 8.2\enterprise\modules\ext\jersey2\ext\jersey-entity-filtering-2.5.1.jar;C:\Program Files\NetBeans 8.2\enterprise\modules\ext\jersey2\ext\jersey-media-moxy-2.5.1.jar;C:\Program Files\NetBeans 8.2\enterprise\modules\ext\jersey2\ext\org.osgi.core-4.2.0.jar;C:\Program Files\NetBeans 8.2\enterprise\modules\ext\jersey2\ext\osgi-resource-locator-1.0.1.jar;C:\Program Files\NetBeans 8.2\enterprise\modules\ext\jersey2\ext\persistence-api-1.0.jar;C:\Program Files\NetBeans 8.2\enterprise\modules\ext\jersey2\ext\validation-api-1.1.0.Final.jar;C:\Program Files\NetBeans 8.2\enterprise\modules\ext\jersey2\jersey-client.jar;C:\Program Files\NetBeans 8.2\enterprise\modules\ext\jersey2\jersey-common.jar;C:\Program Files\NetBeans 8.2\enterprise\modules\ext\jersey2\jersey-container-servlet.jar;C:\Program Files\NetBeans 8.2\enterprise\modules\ext\jersey2\jersey-container-servlet-core.jar;C:\Program Files\NetBeans 8.2\enterprise\modules\ext\jersey2\jersey-server.jar;C:\Program Files\NetBeans 8.2\java\modules\ext\eclipselink\eclipselink.jar" />
    <property name="libs.JMUnit4CLDC11.javadoc" value="C:\Users\Gepardas\AppData\Roaming\NetBeans\8.2\modules\docs\jmunit-1.2.1-api.zip" />
    <property name="libs.MySQLDriver.maven-pom" value="" />
    <property name="libs.Acess.maven-pom" value="" />
    <property name="libs.savaje-ant-utils.src" value="" />
    <property name="libs.hibernate4-persistence.javadoc" value="C:\Program Files\NetBeans 8.2\java\modules\ext\docs\javax.persistence-2.1.0-doc.zip" />
    <property name="http.nonProxyHosts" value="localhost|127.0.0.1|Gepardas-PC" />
    <property name="libs.junit_4.javadoc" value="C:\Program Files\NetBeans 8.2\platform\docs\junit-4.12-javadoc.jar" />
    <property name="libs.javaee-web-api-6.0.maven-pom" value="" />
    <property name="file.reference.slf4j-jdk14-1.7.21.jar-1" value="C:\Users\Gepardas\Desktop\slf4j-1.7.21\slf4j-jdk14-1.7.21.jar" />
    <property name="libs.cdc-pp-awt-layout.classpath" value="C:\Users\Gepardas\AppData\Roaming\NetBeans\8.2\modules\ext\cdc-pp-awt-layout.jar" />
    <property name="libs.cdc-agui-swing-layout.src" value="C:\Users\Gepardas\AppData\Roaming\NetBeans\8.2\sources\cdc-agui-swing-layout-src.zip" />
    <property name="run.classpath" value="C:\Users\Gepardas\Desktop\iText7-7.0.0\itext7-barcodes-7.0.0-javadoc.jar:C:\Users\Gepardas\Desktop\iText7-7.0.0\itext7-barcodes-7.0.0-sources.jar:C:\Users\Gepardas\Desktop\iText7-7.0.0\itext7-barcodes-7.0.0.jar:C:\Users\Gepardas\Desktop\iText7-7.0.0\itext7-font-asian-7.0.0-javadoc.jar:C:\Users\Gepardas\Desktop\iText7-7.0.0\itext7-font-asian-7.0.0.jar:C:\Users\Gepardas\Desktop\iText7-7.0.0\itext7-forms-7.0.0-javadoc.jar:C:\Users\Gepardas\Desktop\iText7-7.0.0\itext7-forms-7.0.0-sources.jar:C:\Users\Gepardas\Desktop\iText7-7.0.0\itext7-forms-7.0.0.jar:C:\Users\Gepardas\Desktop\iText7-7.0.0\itext7-hyph-7.0.0-javadoc.jar:C:\Users\Gepardas\Desktop\iText7-7.0.0\itext7-hyph-7.0.0.jar:C:\Users\Gepardas\Desktop\iText7-7.0.0\itext7-io-7.0.0-javadoc.jar:C:\Users\Gepardas\Desktop\iText7-7.0.0\itext7-io-7.0.0-sources.jar:C:\Users\Gepardas\Desktop\iText7-7.0.0\itext7-io-7.0.0.jar:C:\Users\Gepardas\Desktop\iText7-7.0.0\itext7-kernel-7.0.0-javadoc.jar:C:\Users\Gepardas\Desktop\iText7-7.0.0\itext7-kernel-7.0.0-sources.jar:C:\Users\Gepardas\Desktop\iText7-7.0.0\itext7-kernel-7.0.0.jar:C:\Users\Gepardas\Desktop\iText7-7.0.0\itext7-layout-7.0.0-javadoc.jar:C:\Users\Gepardas\Desktop\iText7-7.0.0\itext7-layout-7.0.0-sources.jar:C:\Users\Gepardas\Desktop\iText7-7.0.0\itext7-layout-7.0.0.jar:C:\Users\Gepardas\Desktop\iText7-7.0.0\itext7-pdfa-7.0.0-javadoc.jar:C:\Users\Gepardas\Desktop\iText7-7.0.0\itext7-pdfa-7.0.0-sources.jar:C:\Users\Gepardas\Desktop\iText7-7.0.0\itext7-pdfa-7.0.0.jar:C:\Users\Gepardas\Desktop\iText7-7.0.0\itext7-pdftest-7.0.0-javadoc.jar:C:\Users\Gepardas\Desktop\iText7-7.0.0\itext7-pdftest-7.0.0-sources.jar:C:\Users\Gepardas\Desktop\iText7-7.0.0\itext7-pdftest-7.0.0.jar:C:\Users\Gepardas\Desktop\iText7-7.0.0\itext7-sign-7.0.0-javadoc.jar:C:\Users\Gepardas\Desktop\iText7-7.0.0\itext7-sign-7.0.0-sources.jar:C:\Users\Gepardas\Desktop\iText7-7.0.0\itext7-sign-7.0.0.jar:C:\Users\Gepardas\Desktop\slf4j-1.7.21\slf4j-api-1.7.21.jar:C:\Users\Gepardas\Desktop\slf4j-1.7.21\slf4j-ext-1.7.21.jar:C:\Users\Gepardas\Desktop\slf4j-1.7.21\slf4j-jdk14-1.7.21.jar:build/classes" />
    <property name="jna.boot.library.name" value="jnidispatch-422" />
    <property name="libs.javaee-endorsed-api-6.0.javadoc" value="C:\Program Files\NetBeans 8.2\enterprise\docs\javaee-doc-api.jar" />
    <property name="libs.javaee-api-7.0.classpath" value="C:\Program Files\NetBeans 8.2\enterprise\modules\ext\javaee-api-7.0.jar" />
    <property name="libs.JMUnit4CLDC11.classpath" value="C:\Users\Gepardas\AppData\Roaming\NetBeans\8.2\modules\ext\jmunit4cldc11-1.2.1.jar" />
    <property name="sun.awt.datatransfer.timeout" value="1000" />
    <property name="libs.MyLibrary999.maven-pom" value="" />
    <property name="libs.spring-webmvc3.0.javadoc" value="" />
    <property name="libs.jpa2-persistence.maven-pom" value="" />
    <property name="annotation.processing.enabled.in.editor" value="false" />
    <property name="libs.hibernate4-support.classpath" value="C:\Program Files\NetBeans 8.2\java\modules\ext\hibernate4\antlr-2.7.7.jar;C:\Program Files\NetBeans 8.2\java\modules\ext\hibernate4\c3p0-0.9.2.1.jar;C:\Program Files\NetBeans 8.2\java\modules\ext\hibernate4\hibernate-c3p0-4.3.1.Final.jar;C:\Program Files\NetBeans 8.2\java\modules\ext\hibernate4\mchange-commons-java-0.2.3.4.jar;C:\Program Files\NetBeans 8.2\java\modules\ext\hibernate4\dom4j-1.6.1.jar;C:\Program Files\NetBeans 8.2\java\modules\ext\hibernate4\ehcache-core-2.4.3.jar;C:\Program Files\NetBeans 8.2\java\modules\ext\hibernate4\hibernate-ehcache-4.3.1.Final.jar;C:\Program Files\NetBeans 8.2\java\modules\ext\hibernate4\hibernate-core-4.3.1.Final.jar;C:\Program Files\NetBeans 8.2\java\modules\ext\hibernate4\jboss-logging-3.1.3.GA.jar;C:\Program Files\NetBeans 8.2\java\modules\ext\hibernate4\hibernate-commons-annotations-4.0.4.Final.jar;C:\Program Files\NetBeans 8.2\java\modules\ext\hibernate4\hibernate-entitymanager-4.3.1.Final.jar;C:\Program Files\NetBeans 8.2\java\modules\ext\hibernate4\javassist-3.18.1-GA.jar;C:\Program Files\NetBeans 8.2\java\modules\ext\hibernate4\jboss-transaction-api_1.2_spec-1.0.0.Final.jar;C:\Program Files\NetBeans 8.2\java\modules\ext\hibernate4\slf4j-api-1.6.1.jar;C:\Program Files\NetBeans 8.2\java\modules\ext\hibernate4\slf4j-simple-1.6.1.jar" />
    <property name="libs.semc-ant-utils.maven-pom" value="" />
    <property name="nb.native.filechooser" value="false" />
    <property name="libs.restapi.src" value="" />
    <property name="sun.management.compiler" value="HotSpot 64-Bit Tiered Compilers" />
    <property name="libs.j2me_common_ant.javadoc" value="" />
    <property name="javac.deprecation" value="false" />
    <property name="javadoc.use" value="true" />
    <property name="file.reference.itext7-kernel-7.0.0.jar-1" value="C:\Users\Gepardas\Desktop\iText7-7.0.0\itext7-kernel-7.0.0.jar" />
    <property name="libs.MyExcelApachePoi.src" value="" />
    <property name="sun.java2d.noddraw" value="true" />
    <property name="libs.jsp-compiler.classpath" value="C:\Program Files\NetBeans 8.2\enterprise\ant\extra\jspcompile.jar" />
    <property name="libs.Itext7.maven-pom" value="" />
    <property name="libs.MyLibrary_2.classpath" value="C:\Users\Gepardas\Documents\NetBeansProjects\PDFLibrary\dist\PDFLibrary.jar" />
    <property name="javac.processorpath" value="C:\Users\Gepardas\Desktop\iText7-7.0.0\itext7-barcodes-7.0.0-javadoc.jar:C:\Users\Gepardas\Desktop\iText7-7.0.0\itext7-barcodes-7.0.0-sources.jar:C:\Users\Gepardas\Desktop\iText7-7.0.0\itext7-barcodes-7.0.0.jar:C:\Users\Gepardas\Desktop\iText7-7.0.0\itext7-font-asian-7.0.0-javadoc.jar:C:\Users\Gepardas\Desktop\iText7-7.0.0\itext7-font-asian-7.0.0.jar:C:\Users\Gepardas\Desktop\iText7-7.0.0\itext7-forms-7.0.0-javadoc.jar:C:\Users\Gepardas\Desktop\iText7-7.0.0\itext7-forms-7.0.0-sources.jar:C:\Users\Gepardas\Desktop\iText7-7.0.0\itext7-forms-7.0.0.jar:C:\Users\Gepardas\Desktop\iText7-7.0.0\itext7-hyph-7.0.0-javadoc.jar:C:\Users\Gepardas\Desktop\iText7-7.0.0\itext7-hyph-7.0.0.jar:C:\Users\Gepardas\Desktop\iText7-7.0.0\itext7-io-7.0.0-javadoc.jar:C:\Users\Gepardas\Desktop\iText7-7.0.0\itext7-io-7.0.0-sources.jar:C:\Users\Gepardas\Desktop\iText7-7.0.0\itext7-io-7.0.0.jar:C:\Users\Gepardas\Desktop\iText7-7.0.0\itext7-kernel-7.0.0-javadoc.jar:C:\Users\Gepardas\Desktop\iText7-7.0.0\itext7-kernel-7.0.0-sources.jar:C:\Users\Gepardas\Desktop\iText7-7.0.0\itext7-kernel-7.0.0.jar:C:\Users\Gepardas\Desktop\iText7-7.0.0\itext7-layout-7.0.0-javadoc.jar:C:\Users\Gepardas\Desktop\iText7-7.0.0\itext7-layout-7.0.0-sources.jar:C:\Users\Gepardas\Desktop\iText7-7.0.0\itext7-layout-7.0.0.jar:C:\Users\Gepardas\Desktop\iText7-7.0.0\itext7-pdfa-7.0.0-javadoc.jar:C:\Users\Gepardas\Desktop\iText7-7.0.0\itext7-pdfa-7.0.0-sources.jar:C:\Users\Gepardas\Desktop\iText7-7.0.0\itext7-pdfa-7.0.0.jar:C:\Users\Gepardas\Desktop\iText7-7.0.0\itext7-pdftest-7.0.0-javadoc.jar:C:\Users\Gepardas\Desktop\iText7-7.0.0\itext7-pdftest-7.0.0-sources.jar:C:\Users\Gepardas\Desktop\iText7-7.0.0\itext7-pdftest-7.0.0.jar:C:\Users\Gepardas\Desktop\iText7-7.0.0\itext7-sign-7.0.0-javadoc.jar:C:\Users\Gepardas\Desktop\iText7-7.0.0\itext7-sign-7.0.0-sources.jar:C:\Users\Gepardas\Desktop\iText7-7.0.0\itext7-sign-7.0.0.jar:C:\Users\Gepardas\Desktop\slf4j-1.7.21\slf4j-api-1.7.21.jar:C:\Users\Gepardas\Desktop\slf4j-1.7.21\slf4j-ext-1.7.21.jar:C:\Users\Gepardas\Desktop\slf4j-1.7.21\slf4j-jdk14-1.7.21.jar" />
    <property name="libs.hamcrest.maven-pom" value="" />
    <property name="javac.compilerargs" value="" />
    <property name="ant.file" value="C:\Users\Gepardas\Documents\NetBeansProjects\PdfTest\build.xml" />
    <property name="file.reference.itext7-font-asian-7.0.0-javadoc.jar" value="C:\Users\Gepardas\Desktop\iText7-7.0.0\itext7-font-asian-7.0.0-javadoc.jar" />
    <property name="libs.beans-binding.maven-pom" value="" />
    <property name="libs.hibernate4-support.javadoc" value="C:\Program Files\NetBeans 8.2\java\modules\ext\docs\javax.persistence-2.1.0-doc.zip" />
    <property name="libs.jsf12.classpath" value="C:\Program Files\NetBeans 8.2\enterprise\modules\ext\jsf-1_2\commons-beanutils.jar;C:\Program Files\NetBeans 8.2\enterprise\modules\ext\jsf-1_2\commons-collections.jar;C:\Program Files\NetBeans 8.2\enterprise\modules\ext\jsf-1_2\commons-digester.jar;C:\Program Files\NetBeans 8.2\enterprise\modules\ext\jsf-1_2\commons-logging.jar;C:\Program Files\NetBeans 8.2\enterprise\modules\ext\jsf-1_2\jsf-api.jar;C:\Program Files\NetBeans 8.2\enterprise\modules\ext\jsf-1_2\jsf-impl.jar" />
    <property name="libs.jstl.maven-pom" value="" />
    <property name="libs.javaee-api-5.0.src" value="" />
    <property name="libs.restapi.maven-pom" value="" />
    <property name="libs.beans-binding.src" value="" />
    <property name="libs.MyLibrarPDF99999.classpath" value="C:\Users\Gepardas\Documents\NetBeansProjects\PdfTest\dist\PdfTest.jar" />
    <property name="libs.DataBindingME-PIM.javadoc" value="C:\Program Files\NetBeans 8.2\mobility\modules\docs\netbeans_databindingme_pim-api.zip" />
    <property name="libs.MyExcelApachePoi.javadoc" value="" />
    <property name="java.vm.specification.vendor" value="Oracle Corporation" />
    <property name="libs.swing-layout.src" value="C:\Program Files\NetBeans 8.2\platform\docs\swing-layout-1.0.4-src.zip" />
    <property name="org.openide.major.version" value="IDE/1" />
    <property name="libs.j2me_ant_ext.src" value="" />
    <property name="java.vm.name" value="Java HotSpot(TM) 64-Bit Server VM" />
    <property name="file.reference.itext7-kernel-7.0.0-sources.jar" value="C:\Users\Gepardas\Desktop\iText7-7.0.0\itext7-kernel-7.0.0-sources.jar" />
    <property name="netbeans.user" value="C:\Users\Gepardas\AppData\Roaming\NetBeans\8.2" />
    <property name="javadoc.additionalparam" value="" />
    <property name="java.io.tmpdir" value="C:\Users\Gepardas\AppData\Local\Temp\" />
    <property name="java.vendor.url" value="http://java.oracle.com/" />
    <property name="file.reference.itext7-barcodes-7.0.0-sources.jar" value="C:\Users\Gepardas\Desktop\iText7-7.0.0\itext7-barcodes-7.0.0-sources.jar" />
    <property name="junit.available" value="true" />
    <property name="jna.loaded" value="true" />
    <property name="endorsed.classpath.cmd.line.arg" value="" />
    <property name="libs.javaee-api-5.0.javadoc" value="" />
    <property name="libs.jsp-compiler.src" value="" />
    <property name="org.openide.awt.ActionReference.completion" value="org.netbeans.modules.apisupport.project.layers.PathCompletions" />
    <property name="libs.MyLibraryPDF.javadoc" value="" />
    <property name="have.sources" value="true" />
    <property name="sun.boot.library.path" value="C:\Program Files\Java\jdk1.8.0_112\jre\bin" />
    <property name="libs.MyLibraryPDF.src" value="" />
    <property name="libs.hamcrest.javadoc" value="" />
    <property name="debug.classpath" value="C:\Users\Gepardas\Desktop\iText7-7.0.0\itext7-barcodes-7.0.0-javadoc.jar:C:\Users\Gepardas\Desktop\iText7-7.0.0\itext7-barcodes-7.0.0-sources.jar:C:\Users\Gepardas\Desktop\iText7-7.0.0\itext7-barcodes-7.0.0.jar:C:\Users\Gepardas\Desktop\iText7-7.0.0\itext7-font-asian-7.0.0-javadoc.jar:C:\Users\Gepardas\Desktop\iText7-7.0.0\itext7-font-asian-7.0.0.jar:C:\Users\Gepardas\Desktop\iText7-7.0.0\itext7-forms-7.0.0-javadoc.jar:C:\Users\Gepardas\Desktop\iText7-7.0.0\itext7-forms-7.0.0-sources.jar:C:\Users\Gepardas\Desktop\iText7-7.0.0\itext7-forms-7.0.0.jar:C:\Users\Gepardas\Desktop\iText7-7.0.0\itext7-hyph-7.0.0-javadoc.jar:C:\Users\Gepardas\Desktop\iText7-7.0.0\itext7-hyph-7.0.0.jar:C:\Users\Gepardas\Desktop\iText7-7.0.0\itext7-io-7.0.0-javadoc.jar:C:\Users\Gepardas\Desktop\iText7-7.0.0\itext7-io-7.0.0-sources.jar:C:\Users\Gepardas\Desktop\iText7-7.0.0\itext7-io-7.0.0.jar:C:\Users\Gepardas\Desktop\iText7-7.0.0\itext7-kernel-7.0.0-javadoc.jar:C:\Users\Gepardas\Desktop\iText7-7.0.0\itext7-kernel-7.0.0-sources.jar:C:\Users\Gepardas\Desktop\iText7-7.0.0\itext7-kernel-7.0.0.jar:C:\Users\Gepardas\Desktop\iText7-7.0.0\itext7-layout-7.0.0-javadoc.jar:C:\Users\Gepardas\Desktop\iText7-7.0.0\itext7-layout-7.0.0-sources.jar:C:\Users\Gepardas\Desktop\iText7-7.0.0\itext7-layout-7.0.0.jar:C:\Users\Gepardas\Desktop\iText7-7.0.0\itext7-pdfa-7.0.0-javadoc.jar:C:\Users\Gepardas\Desktop\iText7-7.0.0\itext7-pdfa-7.0.0-sources.jar:C:\Users\Gepardas\Desktop\iText7-7.0.0\itext7-pdfa-7.0.0.jar:C:\Users\Gepardas\Desktop\iText7-7.0.0\itext7-pdftest-7.0.0-javadoc.jar:C:\Users\Gepardas\Desktop\iText7-7.0.0\itext7-pdftest-7.0.0-sources.jar:C:\Users\Gepardas\Desktop\iText7-7.0.0\itext7-pdftest-7.0.0.jar:C:\Users\Gepardas\Desktop\iText7-7.0.0\itext7-sign-7.0.0-javadoc.jar:C:\Users\Gepardas\Desktop\iText7-7.0.0\itext7-sign-7.0.0-sources.jar:C:\Users\Gepardas\Desktop\iText7-7.0.0\itext7-sign-7.0.0.jar:C:\Users\Gepardas\Desktop\slf4j-1.7.21\slf4j-api-1.7.21.jar:C:\Users\Gepardas\Desktop\slf4j-1.7.21\slf4j-ext-1.7.21.jar:C:\Users\Gepardas\Desktop\slf4j-1.7.21\slf4j-jdk14-1.7.21.jar:build/classes" />
    <property name="javadoc.private" value="false" />
    <property name="javac.external.vm" value="true" />
    <property name="test.src.dir" value="test" />
    <property name="libs.MyLibrary.javadoc" value="" />
    <property name="libs.jsf20.classpath" value="C:\Program Files\NetBeans 8.2\enterprise\modules\ext\jsf-2_2\javax.faces.jar" />
    <property name="ap.processors.internal" value="" />
    <property name="file.reference.itext7-font-asian-7.0.0.jar" value="C:\Users\Gepardas\Desktop\iText7-7.0.0\itext7-font-asian-7.0.0.jar" />
    <property name="meta.inf.dir" value="src/META-INF" />
    <property name="javadoc.encoding.used" value="UTF-8" />
    <property name="libs.DataBindingME-SVG.src" value="C:\Program Files\NetBeans 8.2\mobility\sources\netbeans_databindingme_svg-src.zip" />
    <property name="libs.MyLibrary_2.src" value="" />
    <property name="dist.jar" value="dist/PdfTest.jar" />
    <property name="file.reference.itext7-sign-7.0.0-javadoc.jar" value="C:\Users\Gepardas\Desktop\iText7-7.0.0\itext7-sign-7.0.0-javadoc.jar" />
    <property name="libs.spring-framework400.maven-pom" value="" />
    <property name="java.runtime.name" value="Java(TM) SE Runtime Environment" />
    <property name="ant.project.name" value="PdfTest" />
    <property name="file.reference.itext7-hyph-7.0.0-javadoc.jar" value="C:\Users\Gepardas\Desktop\iText7-7.0.0\itext7-hyph-7.0.0-javadoc.jar" />
    <property name="libs.MyLibraryPDF.maven-pom" value="" />
    <property name="file.reference.itext7-pdftest-7.0.0-sources.jar" value="C:\Users\Gepardas\Desktop\iText7-7.0.0\itext7-pdftest-7.0.0-sources.jar" />
    <property name="netbeans.hash.code" value="unique=NB_CND_EXTIDE_GFMOD_GROOVY_JAVA_JC_MOB_PHP_WEBCOMMON_WEBEE02c02f2b0-60f0-404a-a520-673cf8e8e5b5_3c7a9c9c-5b80-42e5-a9ce-da5dca488e18" />
    <property name="libs.jsp-compilation-syscp.maven-pom" value="" />
    <property name="netbeans.default_userdir_root" value="C:\Users\Gepardas\AppData\Roaming\NetBeans" />
    <property name="sun.cpu.isalist" value="amd64" />
    <property name="libs.j2me_ant_ext.maven-pom" value="" />
    <property name="libs.CopyLibs.javadoc" value="" />
    <property name="libs.spring-framework400.javadoc" value="" />
    <property name="org.openide.specification.version" value="6.2" />
    <property name="libs.DataBindingME-PIM.classpath" value="C:\Program Files\NetBeans 8.2\mobility\modules\ext\netbeans_databindingme_pim.jar" />
    <property name="user.home" value="C:\Users\Gepardas" />
    <property name="annotation.processing.processors.list" value="" />
    <property name="libs.primefaces.maven-pom" value="" />
    <property name="debug-args-line" value="-Xdebug" />
    <property name="libs.javaee-api-6.0.maven-pom" value="" />
    <property name="libs.JWSAntTasks.src" value="" />
    <property name="libs.MyLibrary999.src" value="" />
    <property name="jar.index" value="false" />
    <property name="libs.CopyLibs.maven-pom" value="" />
    <property name="libs.absolutelayout.javadoc" value="" />
    <property name="libs.spring-framework300.javadoc" value="" />
    <property name="guice.disable.misplaced.annotation.check" value="true" />
    <property name="file.reference.itext7-forms-7.0.0-javadoc.jar" value="C:\Users\Gepardas\Desktop\iText7-7.0.0\itext7-forms-7.0.0-javadoc.jar" />
    <property name="java.specification.name" value="Java Platform API Specification" />
    <property name="libs.swing-app-framework.maven-pom" value="" />
    <property name="libs.jakarta_slide_ant_webdav.maven-pom" value="" />
    <property name="do.archive+main.class.available" value="true" />
    <property name="libs.sjmc-ant-utils.src" value="" />
    <property name="java.specification.vendor" value="Oracle Corporation" />
    <property name="libs.cdc-agui-swing-layout.javadoc" value="" />
    <property name="libs.javac-api.classpath" value="C:\Program Files\NetBeans 8.2\java\modules\ext\nb-javac-api.jar" />
    <property name="java.version" value="1.8.0_112" />
    <property name="libs.nokiaS80-ant-utils.classpath" value="C:\Users\Gepardas\AppData\Roaming\NetBeans\8.2\modules\ext\org-netbeans-modules-j2me-cdc-project-nokiaS80.jar" />
    <property name="javadoc.version" value="false" />
    <property name="run.jvmargs.ide" value="" />
    <property name="libs.MySQLDriver.javadoc" value="" />
    <property name="org.openide.version" value="deprecated" />
    <property name="source.encoding" value="UTF-8" />
    <property name="platform.java" value="C:\Program Files\Java\jdk1.8.0_112\jre/bin/java" />
    <property name="ap.cmd.line.internal" value="" />
    <property name="libs.eclipselinkmodelgen.maven-pom" value="" />
    <property name="libs.jsp-compilation-syscp.javadoc" value="" />
    <property name="ant.file.type.PdfTest-impl" value="file" />
    <property name="libs.javaee-endorsed-api-7.0.classpath" value="C:\Program Files\NetBeans 8.2\enterprise\modules\ext\javaee7-endorsed\javax.annotation-api.jar;C:\Program Files\NetBeans 8.2\enterprise\modules\ext\javaee7-endorsed\javax.xml.soap-api.jar;C:\Program Files\NetBeans 8.2\enterprise\modules\ext\javaee7-endorsed\jaxb-api-osgi.jar;C:\Program Files\NetBeans 8.2\enterprise\modules\ext\javaee7-endorsed\jaxws-api.jar;C:\Program Files\NetBeans 8.2\enterprise\modules\ext\javaee7-endorsed\jsr181-api.jar" />
    <property name="libs.eclipselinkmodelgen.javadoc" value="" />
    <property name="libs.metro.javadoc" value="C:\Program Files\NetBeans 8.2\enterprise\docs\metro-1.4-doc.zip" />
    <property name="libs.struts.maven-pom" value="" />
    <property name="netbeans.home+have.tests" value="true" />
    <property name="file.reference.itext7-kernel-7.0.0-javadoc.jar-1" value="C:\Users\Gepardas\Desktop\iText7-7.0.0\itext7-kernel-7.0.0-javadoc.jar" />
    <property name="annotation.processing.processor.options" value="" />
    <property name="libs.testng.maven-pom" value="" />
    <property name="file.reference.itext7-layout-7.0.0.jar-1" value="C:\Users\Gepardas\Desktop\iText7-7.0.0\itext7-layout-7.0.0.jar" />
    <property name="libs.jaxb.src" value="" />
    <property name="jdk.launcher.addexports.5" value="java.management/sun.management=ALL-UNNAMED" />
    <property name="jdk.launcher.addexports.4" value="java.desktop/com.sun.java.swing.plaf.windows=ALL-UNNAMED" />
    <property name="work.dir" value="C:\Users\Gepardas\Documents\NetBeansProjects\PdfTest" />
    <property name="libs.cdc-ant-utils.src" value="" />
    <property name="jdk.launcher.addexports.3" value="java.desktop/sun.awt.im=ALL-UNNAMED" />
    <property name="libs.jaxb.classpath" value="C:\Program Files\NetBeans 8.2\ide\modules\ext\jaxb\jaxb-impl.jar;C:\Program Files\NetBeans 8.2\ide\modules\ext\jaxb\jaxb-xjc.jar;C:\Program Files\NetBeans 8.2\ide\modules\ext\jaxb\jaxb1-impl.jar;C:\Program Files\NetBeans 8.2\ide\modules\ext\jaxb\activation.jar;C:\Program Files\NetBeans 8.2\ide\modules\ext\jaxb\api\jaxb-api.jar;C:\Program Files\NetBeans 8.2\ide\modules\ext\jaxb\api\jsr173_1.0_api.jar" />
    <property name="jdk.launcher.addexports.2" value="java.desktop/java.awt.peer=ALL-UNNAMED" />
    <property name="jdk.launcher.addexports.1" value="java.base/jdk.internal.jrtfs=ALL-UNNAMED" />
    <property name="jdk.launcher.addexports.0" value="java.desktop/sun.awt=ALL-UNNAMED" />
    <property name="libs.MyExcelApachePoi.classpath" value="C:\Users\Gepardas\Desktop\Java Libraries\Excel\poi-3.15\poi-3.15.jar;C:\Users\Gepardas\Desktop\Java Libraries\Excel\poi-3.15\poi-examples-3.15.jar;C:\Users\Gepardas\Desktop\Java Libraries\Excel\poi-3.15\poi-excelant-3.15.jar;C:\Users\Gepardas\Desktop\Java Libraries\Excel\poi-3.15\poi-ooxml-3.15.jar;C:\Users\Gepardas\Desktop\Java Libraries\Excel\poi-3.15\poi-ooxml-schemas-3.15.jar;C:\Users\Gepardas\Desktop\Java Libraries\Excel\poi-3.15\poi-scratchpad-3.15.jar;C:\Users\Gepardas\Desktop\Java Libraries\Excel\poi-3.15\ooxml-lib\curvesapi-1.04.jar;C:\Users\Gepardas\Desktop\Java Libraries\Excel\poi-3.15\ooxml-lib\xmlbeans-2.6.0.jar;C:\Users\Gepardas\Desktop\Java Libraries\Excel\poi-3.15\lib\commons-codec-1.10.jar;C:\Users\Gepardas\Desktop\Java Libraries\Excel\poi-3.15\lib\commons-collections4-4.1.jar;C:\Users\Gepardas\Desktop\Java Libraries\Excel\poi-3.15\lib\commons-logging-1.2.jar;C:\Users\Gepardas\Desktop\Java Libraries\Excel\poi-3.15\lib\junit-4.12.jar;C:\Users\Gepardas\Desktop\Java Libraries\Excel\poi-3.15\lib\log4j-1.2.17.jar" />
    <property name="do.depend" value="false" />
    <property name="libs.j2me_common_ant.classpath" value="C:\Program Files\NetBeans 8.2\mobility\modules\org-netbeans-modules-j2me-common-ant.jar;C:\Program Files\NetBeans 8.2\java\modules\org-netbeans-modules-classfile.jar" />
    <property name="dist.javadoc.dir" value="dist/javadoc" />
    <property name="libs.spring-webmvc3.0.classpath" value="C:\Program Files\NetBeans 8.2\java\modules\ext\spring-3.0\spring-webmvc-3.2.7.RELEASE.jar" />
    <property name="libs.swing-layout.classpath" value="C:\Program Files\NetBeans 8.2\platform\modules\ext\swing-layout-1.0.4.jar" />
    <property name="libs.javaee-web-api-7.0.maven-pom" value="" />
    <property name="libs.restlib.src" value="" />
    <property name="javac.source" value="1.8" />
    <property name="build.generated.dir" value="build/generated" />
    <property name="line.separator" value="&#xd;&#xa;" />
    <property name="java.specification.version" value="1.8" />
    <property name="libs.jaxws21.maven-pom" value="" />
    <property name="java.vm.info" value="mixed mode" />
    <property name="libs.cdc-ant-utils.javadoc" value="" />
    <property name="nb.junit.batch" value="true" />
    <property name="junit.forkmode" value="perTest" />
    <property name="user.country.format" value="LT" />
    <property name="libs.ojec-ant-utils.classpath" value="C:\Users\Gepardas\AppData\Roaming\NetBeans\8.2\modules\ext\org-netbeans-modules-j2me-cdc-project-ojec.jar" />
    <property name="sun.boot.class.path" value="C:\Program Files\Java\jdk1.8.0_112\jre\lib\resources.jar;C:\Program Files\Java\jdk1.8.0_112\jre\lib\rt.jar;C:\Program Files\Java\jdk1.8.0_112\jre\lib\sunrsasign.jar;C:\Program Files\Java\jdk1.8.0_112\jre\lib\jsse.jar;C:\Program Files\Java\jdk1.8.0_112\jre\lib\jce.jar;C:\Program Files\Java\jdk1.8.0_112\jre\lib\charsets.jar;C:\Program Files\Java\jdk1.8.0_112\jre\lib\jfr.jar;C:\Program Files\Java\jdk1.8.0_112\jre\classes" />
    <property name="javac.target" value="1.8" />
    <property name="built-jar.properties" value="C:\Users\Gepardas\Documents\NetBeansProjects\PdfTest\build\built-jar.properties" />
    <property name="build.test.classes.dir" value="build/test/classes" />
    <property name="src.dir" value="src" />
    <property name="sun.awt.keepWorkingSetOnMinimize" value="true" />
    <property name="annotation.processing.enabled" value="true" />
    <property name="libs.jpa2-persistence.src" value="" />
    <property name="libs.jsf20.src" value="" />
    <property name="libs.jpa20-persistence.src" value="" />
    <property name="libs.jsf12.src" value="" />
    <property name="libs.DataBindingME-SVG.maven-pom" value="" />
    <property name="libs.savaje-ant-utils.javadoc" value="" />
    <property name="libs.JAVADB_DRIVER_LABEL.maven-pom" value="" />
    <property name="libs.struts.javadoc" value="C:\Program Files\NetBeans 8.2\enterprise\docs\struts-1.3.10-javadoc.zip" />
    <property name="libs.cdc-ant-utils.maven-pom" value="" />
    <property name="libs.javaee-web-api-7.0.src" value="" />
    <property name="libs.primefaces.src" value="" />
    <property name="libs.cdc-agui-swing-layout.classpath" value="C:\Users\Gepardas\AppData\Roaming\NetBeans\8.2\modules\ext\cdc-agui-swing-layout.jar" />
    <property name="dist.dir" value="dist" />
    <property name="libs.groovy-all.javadoc" value="" />
    <property name="testng.debug.mode" value="" />
    <property name="libs.MyLibrary_2.javadoc" value="" />
    <property name="javac.fork" value="true" />
    <property name="libs.sjmc-ant-utils.classpath" value="C:\Users\Gepardas\AppData\Roaming\NetBeans\8.2\modules\ext\org-netbeans-modules-j2me-cdc-project-sjmc.jar" />
    <property name="libs.groovy-all.classpath" value="C:\Program Files\NetBeans 8.2\groovy\modules\ext\groovy-all.jar" />
    <property name="java.awt.printerjob" value="sun.awt.windows.WPrinterJob" />
    <property name="libs.JMUnit4CLDC10.classpath" value="C:\Users\Gepardas\AppData\Roaming\NetBeans\8.2\modules\ext\jmunit4cldc10-1.2.1.jar" />
    <property name="default.javac.source" value="1.8" />
    <property name="debug-transport-by-os" value="dt_shmem" />
    <property name="libs.UcanAcess.classpath" value="C:\Users\Gepardas\Desktop\Java Libraries\UCanAccess-3.0.7-bin\lib\commons-lang-2.6.jar;C:\Users\Gepardas\Desktop\Java Libraries\UCanAccess-3.0.7-bin\lib\commons-logging-1.1.1.jar;C:\Users\Gepardas\Desktop\Java Libraries\UCanAccess-3.0.7-bin\lib\hsqldb.jar;C:\Users\Gepardas\Desktop\Java Libraries\UCanAccess-3.0.7-bin\lib\jackcess-2.1.3.jar;C:\Users\Gepardas\Desktop\Java Libraries\UCanAccess-3.0.7-bin\ucanaccess-3.0.7.jar" />
    <property name="sun.jnu.encoding" value="Cp1257" />
    <property name="libs.MySQLDriver.src" value="" />
    <property name="libs.ant-contrib.maven-pom" value="" />
    <property name="build.test.results.dir" value="build/test/results" />
    <property name="java.runtime.version" value="1.8.0_112-b15" />
    <property name="libs.sjmc-ant-utils.javadoc" value="" />
    <property name="default.javac.target" value="1.8" />
    <property name="libs.Itext7.src" value="" />
    <property name="file.reference.itext7-layout-7.0.0-javadoc.jar-1" value="C:\Users\Gepardas\Desktop\iText7-7.0.0\itext7-layout-7.0.0-javadoc.jar" />
    <property name="libs.junit_4.classpath" value="C:\Program Files\NetBeans 8.2\platform\modules\ext\junit-4.12.jar" />
    <property name="user.timezone" value="" />
    <property name="nb.junit.single" value="false" />
    <property name="do.jar" value="true" />
    <property name="libs.MyLibrary999.javadoc" value="" />
    <property name="file.reference.itext7-io-7.0.0-sources.jar" value="C:\Users\Gepardas\Desktop\iText7-7.0.0\itext7-io-7.0.0-sources.jar" />
    <property name="libs.ant-contrib.src" value="" />
    <property name="libs.javaee-endorsed-api-6.0.maven-pom" value="" />
    <property name="libs.JAVADB_DRIVER_LABEL.javadoc" value="" />
    <property name="netbeans.dirs" value="C:\Program Files\NetBeans 8.2\nb;C:\Program Files\NetBeans 8.2\ergonomics;C:\Program Files\NetBeans 8.2\ide;C:\Program Files\NetBeans 8.2\extide;C:\Program Files\NetBeans 8.2\java;C:\Program Files\NetBeans 8.2\apisupport;C:\Program Files\NetBeans 8.2\webcommon;C:\Program Files\NetBeans 8.2\websvccommon;C:\Program Files\NetBeans 8.2\enterprise;C:\Program Files\NetBeans 8.2\mobility;C:\Program Files\NetBeans 8.2\profiler;C:\Program Files\NetBeans 8.2\python;C:\Program Files\NetBeans 8.2\php;C:\Program Files\NetBeans 8.2\identity;C:\Program Files\NetBeans 8.2\harness;C:\Program Files\NetBeans 8.2\cnd;C:\Program Files\NetBeans 8.2\cndext;C:\Program Files\NetBeans 8.2\dlight;C:\Program Files\NetBeans 8.2\groovy;C:\Program Files\NetBeans 8.2\extra;C:\Program Files\NetBeans 8.2\javacard;C:\Program Files\NetBeans 8.2\javafx" />
    <property name="file.reference.itext7-sign-7.0.0-sources.jar" value="C:\Users\Gepardas\Desktop\iText7-7.0.0\itext7-sign-7.0.0-sources.jar" />
    <property name="libs.jstl.javadoc" value="C:\Program Files\NetBeans 8.2\enterprise\docs\javaee-doc-api.jar" />
    <property name="libs.jsf20.javadoc" value="C:\Program Files\NetBeans 8.2\enterprise\docs\javaee-doc-api.jar" />
    <property name="java.ext.dirs" value="C:\Program Files\Java\jdk1.8.0_112\jre\lib\ext;C:\WINDOWS\Sun\Java\lib\ext" />
    <property name="libs.MyLibrary.maven-pom" value="" />
    <property name="libs.metro.src" value="" />
    <property name="libs.savaje-ant-utils.maven-pom" value="" />
    <property name="endorsed.classpath" value="" />
    <property name="libs.semc-ant-utils.src" value="" />
    <property name="libs.absolutelayout.classpath" value="C:\Program Files\NetBeans 8.2\java\modules\ext\AbsoluteLayout.jar" />
    <property name="excludes" value="" />
    <property name="libs.metro.classpath" value="C:\Program Files\NetBeans 8.2\ide\modules\ext\jaxb\activation.jar;C:\Program Files\NetBeans 8.2\enterprise\modules\ext\metro\webservices-api.jar;C:\Program Files\NetBeans 8.2\enterprise\modules\ext\metro\webservices-extra-api.jar;C:\Program Files\NetBeans 8.2\enterprise\modules\ext\metro\webservices-extra.jar;C:\Program Files\NetBeans 8.2\enterprise\modules\ext\metro\webservices-rt.jar;C:\Program Files\NetBeans 8.2\enterprise\modules\ext\metro\webservices-tools.jar" />
    <property name="libs.restlib.maven-pom" value="" />
    <property name="libs.jpa2-persistence.javadoc" value="C:\Program Files\NetBeans 8.2\java\modules\ext\docs\javax.persistence-2.1.0-doc.zip" />
    <property name="libs.DataBindingME.javadoc" value="C:\Program Files\NetBeans 8.2\mobility\modules\docs\netbeans_databindingme-api.zip" />
    <property name="apple.laf.useScreenMenuBar" value="true" />
    <property name="file.reference.slf4j-ext-1.7.21.jar-1" value="C:\Users\Gepardas\Desktop\slf4j-1.7.21\slf4j-ext-1.7.21.jar" />
    <property name="java.class.path" value="C:\Users\Gepardas\Desktop\iText7-7.0.0\itext7-barcodes-7.0.0-javadoc.jar;C:\Users\Gepardas\Desktop\iText7-7.0.0\itext7-barcodes-7.0.0-sources.jar;C:\Users\Gepardas\Desktop\iText7-7.0.0\itext7-barcodes-7.0.0.jar;C:\Users\Gepardas\Desktop\iText7-7.0.0\itext7-font-asian-7.0.0-javadoc.jar;C:\Users\Gepardas\Desktop\iText7-7.0.0\itext7-font-asian-7.0.0.jar;C:\Users\Gepardas\Desktop\iText7-7.0.0\itext7-forms-7.0.0-javadoc.jar;C:\Users\Gepardas\Desktop\iText7-7.0.0\itext7-forms-7.0.0-sources.jar;C:\Users\Gepardas\Desktop\iText7-7.0.0\itext7-forms-7.0.0.jar;C:\Users\Gepardas\Desktop\iText7-7.0.0\itext7-hyph-7.0.0-javadoc.jar;C:\Users\Gepardas\Desktop\iText7-7.0.0\itext7-hyph-7.0.0.jar;C:\Users\Gepardas\Desktop\iText7-7.0.0\itext7-io-7.0.0-javadoc.jar;C:\Users\Gepardas\Desktop\iText7-7.0.0\itext7-io-7.0.0-sources.jar;C:\Users\Gepardas\Desktop\iText7-7.0.0\itext7-io-7.0.0.jar;C:\Users\Gepardas\Desktop\iText7-7.0.0\itext7-kernel-7.0.0-javadoc.jar;C:\Users\Gepardas\Desktop\iText7-7.0.0\itext7-kernel-7.0.0-sources.jar;C:\Users\Gepardas\Desktop\iText7-7.0.0\itext7-kernel-7.0.0.jar;C:\Users\Gepardas\Desktop\iText7-7.0.0\itext7-layout-7.0.0-javadoc.jar;C:\Users\Gepardas\Desktop\iText7-7.0.0\itext7-layout-7.0.0-sources.jar;C:\Users\Gepardas\Desktop\iText7-7.0.0\itext7-layout-7.0.0.jar;C:\Users\Gepardas\Desktop\iText7-7.0.0\itext7-pdfa-7.0.0-javadoc.jar;C:\Users\Gepardas\Desktop\iText7-7.0.0\itext7-pdfa-7.0.0-sources.jar;C:\Users\Gepardas\Desktop\iText7-7.0.0\itext7-pdfa-7.0.0.jar;C:\Users\Gepardas\Desktop\iText7-7.0.0\itext7-pdftest-7.0.0-javadoc.jar;C:\Users\Gepardas\Desktop\iText7-7.0.0\itext7-pdftest-7.0.0-sources.jar;C:\Users\Gepardas\Desktop\iText7-7.0.0\itext7-pdftest-7.0.0.jar;C:\Users\Gepardas\Desktop\iText7-7.0.0\itext7-sign-7.0.0-javadoc.jar;C:\Users\Gepardas\Desktop\iText7-7.0.0\itext7-sign-7.0.0-sources.jar;C:\Users\Gepardas\Desktop\iText7-7.0.0\itext7-sign-7.0.0.jar;C:\Users\Gepardas\Desktop\slf4j-1.7.21\slf4j-api-1.7.21.jar;C:\Users\Gepardas\Desktop\slf4j-1.7.21\slf4j-ext-1.7.21.jar;C:\Users\Gepardas\Desktop\slf4j-1.7.21\slf4j-jdk14-1.7.21.jar;C:\Users\Gepardas\Documents\NetBeansProjects\PdfTest\build\classes;C:\Program Files\NetBeans 8.2\platform\modules\ext\junit-4.12.jar;C:\Program Files\NetBeans 8.2\platform\modules\ext\hamcrest-core-1.3.jar;C:\Users\Gepardas\Documents\NetBeansProjects\PdfTest\build\test\classes;C:\Program Files\NetBeans 8.2\extide\ant\lib\ant-launcher.jar;C:\Program Files\NetBeans 8.2\extide\ant\lib\ant.jar;C:\Program Files\NetBeans 8.2\extide\ant\lib\ant-junit.jar;C:\Program Files\NetBeans 8.2\extide\ant\lib\ant-junit4.jar" />
    <property name="do.mkdist" value="true" />
    <property name="libs.absolutelayout.src" value="" />
    <property name="libs.jpa20-persistence.classpath" value="C:\Program Files\NetBeans 8.2\java\modules\ext\eclipselink\javax.persistence_2.1.0.v201304241213.jar" />
    <property name="libs.cdc-pp-awt-layout.maven-pom" value="" />
    <property name="os.version" value="10.0" />
    <property name="application.args" value="" />
    <property name="libs.javaee-api-7.0.maven-pom" value="" />
    <property name="main.class.available" value="true" />
    <property name="libs.JMUnit4CLDC11.maven-pom" value="" />
    <property name="sun.awt.enableExtraMouseButtons" value="true" />
    <property name="sun.desktop" value="windows" />
    <property name="libs.hibernate4-persistence.src" value="" />
    <property name="file.reference.itext7-forms-7.0.0-sources.jar" value="C:\Users\Gepardas\Desktop\iText7-7.0.0\itext7-forms-7.0.0-sources.jar" />
    <property name="libs.hibernate4-support.maven-pom" value="" />
    <property name="libs.restlib.javadoc" value="" />
    <property name="libs.JAXB-ENDORSED.classpath" value="C:\Program Files\NetBeans 8.2\ide\modules\ext\jaxb\api\jaxb-api.jar" />
    <property name="nb.internal.action.name" value="run.single" />
    <property name="libs.eclipselink.classpath" value="C:\Program Files\NetBeans 8.2\java\modules\ext\eclipselink\eclipselink.jar;C:\Program Files\NetBeans 8.2\java\modules\ext\eclipselink\javax.persistence_2.1.0.v201304241213.jar;C:\Program Files\NetBeans 8.2\java\modules\ext\eclipselink\org.eclipse.persistence.jpa.jpql_2.5.2.v20140319-9ad6abd.jar" />
    <property name="libs.javaee-api-7.0.javadoc" value="C:\Program Files\NetBeans 8.2\enterprise\docs\javaee-doc-api.jar" />
    <property name="java.awt.graphicsenv" value="sun.awt.Win32GraphicsEnvironment" />
    <property name="libs.beans-binding.javadoc" value="C:\Program Files\NetBeans 8.2\java\docs\beansbinding-1.2.1-doc.zip" />
    <property name="java.vm.vendor" value="Oracle Corporation" />
    <property name="libs.CopyLibs.classpath" value="C:\Program Files\NetBeans 8.2\java\ant\extra\org-netbeans-modules-java-j2seproject-copylibstask.jar" />
    <property name="libs.spring-framework300.classpath" value="C:\Program Files\NetBeans 8.2\ide\modules\org-apache-commons-logging.jar;C:\Program Files\NetBeans 8.2\java\modules\ext\cglib-2.2.jar;C:\Program Files\NetBeans 8.2\java\modules\ext\spring-3.0\spring-aop-3.2.7.RELEASE.jar;C:\Program Files\NetBeans 8.2\java\modules\ext\spring-3.0\spring-aspects-3.2.7.RELEASE.jar;C:\Program Files\NetBeans 8.2\java\modules\ext\spring-3.0\spring-beans-3.2.7.RELEASE.jar;C:\Program Files\NetBeans 8.2\java\modules\ext\spring-3.0\spring-build-src-3.2.7.RELEASE.jar;C:\Program Files\NetBeans 8.2\java\modules\ext\spring-3.0\spring-context-3.2.7.RELEASE.jar;C:\Program Files\NetBeans 8.2\java\modules\ext\spring-3.0\spring-context-support-3.2.7.RELEASE.jar;C:\Program Files\NetBeans 8.2\java\modules\ext\spring-3.0\spring-core-3.2.7.RELEASE.jar;C:\Program Files\NetBeans 8.2\java\modules\ext\spring-3.0\spring-expression-3.2.7.RELEASE.jar;C:\Program Files\NetBeans 8.2\java\modules\ext\spring-3.0\spring-framework-bom-3.2.7.RELEASE.jar;C:\Program Files\NetBeans 8.2\java\modules\ext\spring-3.0\spring-instrument-3.2.7.RELEASE.jar;C:\Program Files\NetBeans 8.2\java\modules\ext\spring-3.0\spring-instrument-tomcat-3.2.7.RELEASE.jar;C:\Program Files\NetBeans 8.2\java\modules\ext\spring-3.0\spring-jdbc-3.2.7.RELEASE.jar;C:\Program Files\NetBeans 8.2\java\modules\ext\spring-3.0\spring-jms-3.2.7.RELEASE.jar;C:\Program Files\NetBeans 8.2\java\modules\ext\spring-3.0\spring-orm-3.2.7.RELEASE.jar;C:\Program Files\NetBeans 8.2\java\modules\ext\spring-3.0\spring-oxm-3.2.7.RELEASE.jar;C:\Program Files\NetBeans 8.2\java\modules\ext\spring-3.0\spring-struts-3.2.7.RELEASE.jar;C:\Program Files\NetBeans 8.2\java\modules\ext\spring-3.0\spring-test-3.2.7.RELEASE.jar;C:\Program Files\NetBeans 8.2\java\modules\ext\spring-3.0\spring-tx-3.2.7.RELEASE.jar;C:\Program Files\NetBeans 8.2\java\modules\ext\spring-3.0\spring-web-3.2.7.RELEASE.jar;C:\Program Files\NetBeans 8.2\java\modules\ext\spring-3.0\spring-webmvc-3.2.7.RELEASE.jar;C:\Program Files\NetBeans 8.2\java\modules\ext\spring-3.0\spring-webmvc-portlet-3.2.7.RELEASE.jar" />
    <property name="libs.jsp-compiler.maven-pom" value="" />
    <property name="libs.hamcrest.src" value="" />
    <property name="file.reference.itext7-forms-7.0.0.jar" value="C:\Users\Gepardas\Desktop\iText7-7.0.0\itext7-forms-7.0.0.jar" />
    <property name="run.jvmargs" value="" />
    <property name="libs.hibernate4-persistence.classpath" value="C:\Program Files\NetBeans 8.2\java\modules\ext\hibernate4\antlr-2.7.7.jar;C:\Program Files\NetBeans 8.2\java\modules\ext\hibernate4\c3p0-0.9.2.1.jar;C:\Program Files\NetBeans 8.2\java\modules\ext\hibernate4\hibernate-c3p0-4.3.1.Final.jar;C:\Program Files\NetBeans 8.2\java\modules\ext\hibernate4\mchange-commons-java-0.2.3.4.jar;C:\Program Files\NetBeans 8.2\java\modules\ext\hibernate4\dom4j-1.6.1.jar;C:\Program Files\NetBeans 8.2\java\modules\ext\hibernate4\ehcache-core-2.4.3.jar;C:\Program Files\NetBeans 8.2\java\modules\ext\hibernate4\hibernate-ehcache-4.3.1.Final.jar;C:\Program Files\NetBeans 8.2\java\modules\ext\hibernate4\hibernate-core-4.3.1.Final.jar;C:\Program Files\NetBeans 8.2\java\modules\ext\hibernate4\jboss-logging-3.1.3.GA.jar;C:\Program Files\NetBeans 8.2\java\modules\ext\hibernate4\hibernate-commons-annotations-4.0.4.Final.jar;C:\Program Files\NetBeans 8.2\java\modules\ext\hibernate4\hibernate-entitymanager-4.3.1.Final.jar;C:\Program Files\NetBeans 8.2\java\modules\ext\hibernate4\javassist-3.18.1-GA.jar;C:\Program Files\NetBeans 8.2\java\modules\ext\hibernate4\jboss-transaction-api_1.2_spec-1.0.0.Final.jar;C:\Program Files\NetBeans 8.2\java\modules\ext\hibernate4\slf4j-api-1.6.1.jar;C:\Program Files\NetBeans 8.2\java\modules\ext\hibernate4\slf4j-simple-1.6.1.jar;C:\Program Files\NetBeans 8.2\java\modules\ext\hibernate4\hibernate-jpa-2.1-api-1.0.0.Final.jar" />
    <property name="dist.archive.excludes" value="" />
    <property name="libs.JAXB-ENDORSED.src" value="" />
    <property name="libs.testng.javadoc" value="C:\Program Files\NetBeans 8.2\platform\docs\testng-6.8.1-javadoc.zip" />
    <property name="libs.DataBindingME-PIM.src" value="C:\Program Files\NetBeans 8.2\mobility\sources\netbeans_databindingme_pim-src.zip" />
    <property name="user.script" value="" />
    <property name="libs.PostgreSQLDriver.classpath" value="C:\Program Files\NetBeans 8.2\ide\modules\ext\postgresql-9.4.1209.jar" />
    <property name="libs.jsf12.maven-pom" value="" />
    <property name="libs.hibernate4-persistencemodelgen.classpath" value="C:\Program Files\NetBeans 8.2\java\modules\ext\hibernate4\hibernate-jpamodelgen-4.3.1.Final.jar" />
    <property name="annotation.processing.source.output" value="build/generated-sources/ap-source-output" />
    <property name="main.class" value="pdftest.PdfTest" />
    <property name="libs.CopyLibs.src" value="" />
    <property name="build.dir" value="build" />
    <property name="libs.jsp-compilation.classpath" value="C:\Program Files\NetBeans 8.2\extide\ant\lib\ant.jar;C:\Program Files\NetBeans 8.2\enterprise\modules\ext\servlet3.1-jsp2.3-api.jar;C:\Program Files\NetBeans 8.2\enterprise\modules\ext\glassfish-jspparser-4.0.jar;C:\Program Files\NetBeans 8.2\enterprise\modules\ext\jsf-2_2\javax.faces.jar;C:\Program Files\NetBeans 8.2\enterprise\modules\ext\jstl-api.jar;C:\Program Files\NetBeans 8.2\extide\ant\lib\ant-launcher.jar" />
    <property name="libs.MyLibrarPDF99999.maven-pom" value="" />
    <property name="file.reference.itext7-pdftest-7.0.0.jar" value="C:\Users\Gepardas\Desktop\iText7-7.0.0\itext7-pdftest-7.0.0.jar" />
    <property name="file.reference.itext7-hyph-7.0.0.jar" value="C:\Users\Gepardas\Desktop\iText7-7.0.0\itext7-hyph-7.0.0.jar" />
    <property name="libs.javaee-api-5.0.classpath" value="C:\Users\Gepardas\AppData\Roaming\NetBeans\8.2\modules\ext\javaee5.jar" />
    <property name="ant.version" value="Apache Ant(TM) version 1.9.7 compiled on April 9 2016" />
    <property name="file.encoding" value="Cp1257" />
    <property name="build.classes.excludes" value="" />
    <property name="jdkBug6558476" value="false" />
    <property name="javadoc.nonavbar" value="false" />
    <property name="libs.spring-webmvc4.0.classpath" value="C:\Program Files\NetBeans 8.2\java\modules\ext\spring-4\spring-webmvc-4.0.1.RELEASE.jar" />
    <property name="file.reference.itext7-pdfa-7.0.0-sources.jar" value="C:\Users\Gepardas\Desktop\iText7-7.0.0\itext7-pdfa-7.0.0-sources.jar" />
    <property name="platform.active" value="default_platform" />
    <property name="libs.Acess.javadoc" value="" />
    <property name="awt.toolkit" value="sun.awt.windows.WToolkit" />
    <property name="libs.javaee-web-api-7.0.javadoc" value="C:\Program Files\NetBeans 8.2\enterprise\docs\javaee-doc-api.jar" />
  </properties>
  <testcase classname="MyTest" name="hello" time="0.016" />
  <system-out><![CDATA[]]></system-out>
  <system-err><![CDATA[]]></system-err>
</testsuite>
